------------------------------ Training begins --------------------------------- 

Config: {'model_type': 'gru', 'input_size': 1, 'output_size': 7, 'n_hidden': 20, 'n_layers': 1, 'lr': 0.001, 'num_epochs': 2000} 

Epoch: 1/2000, Training MSE Loss:98.502334849, Val. MSE Loss:94.086802165, Time_Elapsed:1.2449 secs
Epoch: 200/2000, Training MSE Loss:2.549720518, Val. MSE Loss:2.615944624, Time_Elapsed:235.3581 secs
Epoch: 400/2000, Training MSE Loss:1.904595768, Val. MSE Loss:2.055880090, Time_Elapsed:469.7606 secs
Epoch: 600/2000, Training MSE Loss:1.434653207, Val. MSE Loss:1.571419994, Time_Elapsed:702.4665 secs
Epoch: 800/2000, Training MSE Loss:1.386421939, Val. MSE Loss:1.462497095, Time_Elapsed:935.7232 secs
Epoch: 1000/2000, Training MSE Loss:0.983880047, Val. MSE Loss:1.036696782, Time_Elapsed:1170.3101 secs
Epoch: 1200/2000, Training MSE Loss:0.745251101, Val. MSE Loss:0.772806048, Time_Elapsed:1404.6564 secs
Epoch: 1400/2000, Training MSE Loss:0.543561016, Val. MSE Loss:0.633317341, Time_Elapsed:1637.0617 secs
Epoch: 1600/2000, Training MSE Loss:0.469850677, Val. MSE Loss:0.533827017, Time_Elapsed:1865.8884 secs
Epoch: 1800/2000, Training MSE Loss:0.455394361, Val. MSE Loss:0.517883355, Time_Elapsed:2100.2147 secs
Epoch: 2000/2000, Training MSE Loss:0.952406108, Val. MSE Loss:0.995149016, Time_Elapsed:2334.9051 secs
Saving the best model at epoch=1844, with training loss=0.41948468486468, validation loss=0.45147326091925305
------------------------------ Training ends --------------------------------- 

------------------------------ Training begins --------------------------------- 

Config: {'model_type': 'gru', 'input_size': 1, 'output_size': 7, 'n_hidden': 20, 'n_layers': 1, 'lr': 0.001, 'num_epochs': 3000} 

Epoch: 1/3000, Training MSE Loss:101.561793772, Val. MSE Loss:97.584049225, Time_Elapsed:1.1670 secs
Epoch: 200/3000, Training MSE Loss:2.830366945, Val. MSE Loss:2.838615537, Time_Elapsed:234.7921 secs
Epoch: 400/3000, Training MSE Loss:1.676936742, Val. MSE Loss:1.752370179, Time_Elapsed:469.2910 secs
Epoch: 600/3000, Training MSE Loss:1.280215569, Val. MSE Loss:1.410024663, Time_Elapsed:703.5221 secs
Epoch: 800/3000, Training MSE Loss:1.060946842, Val. MSE Loss:1.180956125, Time_Elapsed:938.4572 secs
Epoch: 1000/3000, Training MSE Loss:0.801790458, Val. MSE Loss:1.034995457, Time_Elapsed:1172.3164 secs
Epoch: 1200/3000, Training MSE Loss:0.651541052, Val. MSE Loss:0.759428879, Time_Elapsed:1407.2147 secs
Epoch: 1400/3000, Training MSE Loss:0.596160453, Val. MSE Loss:0.651864916, Time_Elapsed:1643.6173 secs
Epoch: 1600/3000, Training MSE Loss:0.511865137, Val. MSE Loss:0.640773147, Time_Elapsed:1876.8972 secs
Epoch: 1800/3000, Training MSE Loss:0.459129676, Val. MSE Loss:0.597566177, Time_Elapsed:2114.5307 secs
Epoch: 2000/3000, Training MSE Loss:0.429667873, Val. MSE Loss:0.545773650, Time_Elapsed:2349.3024 secs
Epoch: 2200/3000, Training MSE Loss:0.407562252, Val. MSE Loss:0.540998970, Time_Elapsed:2581.1640 secs
Epoch: 2400/3000, Training MSE Loss:0.379373839, Val. MSE Loss:0.496733924, Time_Elapsed:2815.4499 secs
Epoch: 2600/3000, Training MSE Loss:0.739853319, Val. MSE Loss:0.813262721, Time_Elapsed:3049.8344 secs
Epoch: 2800/3000, Training MSE Loss:2.066727078, Val. MSE Loss:2.199545463, Time_Elapsed:3284.5453 secs
Epoch: 3000/3000, Training MSE Loss:1.264910340, Val. MSE Loss:1.305053433, Time_Elapsed:3519.0741 secs
Saving the best model at epoch=2440, with training loss=0.38048626681168873, validation loss=0.4743998597065608
------------------------------ Training ends --------------------------------- 

------------------------------ Training begins --------------------------------- 

Config: {'model_type': 'gru', 'input_size': 1, 'output_size': 7, 'n_hidden': 20, 'n_layers': 2, 'lr': 0.001, 'num_epochs': 2000} 

Epoch: 1/2000, Training MSE Loss:96.397857412, Val. MSE Loss:90.520192464, Time_Elapsed:1.9148 secs
Epoch: 200/2000, Training MSE Loss:3.359399247, Val. MSE Loss:3.422383348, Time_Elapsed:383.2069 secs
Epoch: 400/2000, Training MSE Loss:0.714369609, Val. MSE Loss:0.802814662, Time_Elapsed:765.2615 secs
Epoch: 600/2000, Training MSE Loss:0.455171648, Val. MSE Loss:0.525459101, Time_Elapsed:1146.2746 secs
Epoch: 800/2000, Training MSE Loss:0.299782015, Val. MSE Loss:0.392180483, Time_Elapsed:1529.0696 secs
Epoch: 1000/2000, Training MSE Loss:0.216633732, Val. MSE Loss:0.344879299, Time_Elapsed:1870.1279 secs
Epoch: 1200/2000, Training MSE Loss:0.294420234, Val. MSE Loss:0.345243705, Time_Elapsed:2251.0948 secs
Epoch: 1400/2000, Training MSE Loss:0.563446044, Val. MSE Loss:0.598402371, Time_Elapsed:2633.4314 secs
Epoch: 1600/2000, Training MSE Loss:0.319996665, Val. MSE Loss:0.384025236, Time_Elapsed:3015.9743 secs
Epoch: 1800/2000, Training MSE Loss:0.231987264, Val. MSE Loss:0.303656571, Time_Elapsed:3353.6238 secs
Epoch: 2000/2000, Training MSE Loss:0.184055433, Val. MSE Loss:0.281590884, Time_Elapsed:3665.6877 secs
Saving the best model at epoch=1112, with training loss=0.19072902848323187, validation loss=0.2693602343400319
------------------------------ Training ends --------------------------------- 

------------------------------ Training begins --------------------------------- 

Config: {'model_type': 'gru', 'input_size': 1, 'output_size': 7, 'n_hidden': 20, 'n_layers': 2, 'lr': 0.001, 'num_epochs': 3000} 

Epoch: 1/3000, Training MSE Loss:94.019288635, Val. MSE Loss:87.160676320, Time_Elapsed:1.5632 secs
Epoch: 200/3000, Training MSE Loss:3.376889888, Val. MSE Loss:3.417314649, Time_Elapsed:312.0345 secs
Epoch: 400/3000, Training MSE Loss:0.633696916, Val. MSE Loss:0.771951417, Time_Elapsed:624.0984 secs
Epoch: 600/3000, Training MSE Loss:0.314671787, Val. MSE Loss:0.427277486, Time_Elapsed:950.9536 secs
Epoch: 800/3000, Training MSE Loss:0.226743275, Val. MSE Loss:0.310255900, Time_Elapsed:1333.9721 secs
Epoch: 1000/3000, Training MSE Loss:0.320619198, Val. MSE Loss:0.361757994, Time_Elapsed:1715.1656 secs
Epoch: 1200/3000, Training MSE Loss:0.201508311, Val. MSE Loss:0.253730282, Time_Elapsed:2097.7516 secs
Epoch: 1400/3000, Training MSE Loss:0.145792881, Val. MSE Loss:0.226394020, Time_Elapsed:2480.2891 secs
Epoch: 1600/3000, Training MSE Loss:0.123984501, Val. MSE Loss:0.211077397, Time_Elapsed:2863.0346 secs
Epoch: 1800/3000, Training MSE Loss:0.105778150, Val. MSE Loss:0.189183794, Time_Elapsed:3245.1900 secs
Epoch: 2000/3000, Training MSE Loss:0.416147997, Val. MSE Loss:0.447504719, Time_Elapsed:3627.0688 secs
Epoch: 2200/3000, Training MSE Loss:0.165548993, Val. MSE Loss:0.225873665, Time_Elapsed:3982.7167 secs
Epoch: 2400/3000, Training MSE Loss:0.111830117, Val. MSE Loss:0.199323306, Time_Elapsed:4294.7230 secs
Epoch: 2600/3000, Training MSE Loss:0.102714927, Val. MSE Loss:0.189508667, Time_Elapsed:4646.7183 secs
Epoch: 2800/3000, Training MSE Loss:0.067469390, Val. MSE Loss:0.139636784, Time_Elapsed:5028.4024 secs
Epoch: 3000/3000, Training MSE Loss:0.056520102, Val. MSE Loss:0.135783059, Time_Elapsed:5401.2217 secs
Saving the best model at epoch=2933, with training loss=0.06306025634209315, validation loss=0.12016908451914787
------------------------------ Training ends --------------------------------- 

------------------------------ Training begins --------------------------------- 

Config: {'model_type': 'gru', 'input_size': 1, 'output_size': 7, 'n_hidden': 30, 'n_layers': 1, 'lr': 0.001, 'num_epochs': 2000} 

Epoch: 1/2000, Training MSE Loss:96.271801249, Val. MSE Loss:90.718945821, Time_Elapsed:1.8384 secs
Epoch: 200/2000, Training MSE Loss:2.020397850, Val. MSE Loss:2.102266788, Time_Elapsed:369.1019 secs
Epoch: 400/2000, Training MSE Loss:1.073127307, Val. MSE Loss:1.077832739, Time_Elapsed:736.7616 secs
Epoch: 600/2000, Training MSE Loss:0.587861233, Val. MSE Loss:0.621709625, Time_Elapsed:1106.2035 secs
Epoch: 800/2000, Training MSE Loss:0.392708577, Val. MSE Loss:0.506374389, Time_Elapsed:1474.4512 secs
Epoch: 1000/2000, Training MSE Loss:0.371083102, Val. MSE Loss:0.410914193, Time_Elapsed:1844.0059 secs
Epoch: 1200/2000, Training MSE Loss:1.231501861, Val. MSE Loss:1.283586800, Time_Elapsed:2214.0908 secs
Epoch: 1400/2000, Training MSE Loss:0.338592668, Val. MSE Loss:0.439230710, Time_Elapsed:2583.0816 secs
Epoch: 1600/2000, Training MSE Loss:0.275250432, Val. MSE Loss:0.358675132, Time_Elapsed:2951.2576 secs
Epoch: 1800/2000, Training MSE Loss:0.238016215, Val. MSE Loss:0.330387125, Time_Elapsed:3319.2408 secs
Epoch: 2000/2000, Training MSE Loss:0.212144998, Val. MSE Loss:0.310988734, Time_Elapsed:3689.0933 secs
Saving the best model at epoch=1948, with training loss=0.22314612666765848, validation loss=0.2961448132991791
------------------------------ Training ends --------------------------------- 

------------------------------ Training begins --------------------------------- 

Config: {'model_type': 'gru', 'input_size': 1, 'output_size': 7, 'n_hidden': 30, 'n_layers': 1, 'lr': 0.001, 'num_epochs': 3000} 

Epoch: 1/3000, Training MSE Loss:94.312320709, Val. MSE Loss:88.516946157, Time_Elapsed:1.8547 secs
Epoch: 200/3000, Training MSE Loss:2.724469479, Val. MSE Loss:2.686606646, Time_Elapsed:369.1780 secs
Epoch: 400/3000, Training MSE Loss:1.418904765, Val. MSE Loss:1.537784278, Time_Elapsed:740.7613 secs
Epoch: 600/3000, Training MSE Loss:1.114128196, Val. MSE Loss:1.203930954, Time_Elapsed:1111.8223 secs
Epoch: 800/3000, Training MSE Loss:0.844415212, Val. MSE Loss:1.040104558, Time_Elapsed:1482.0733 secs
Epoch: 1000/3000, Training MSE Loss:0.867215582, Val. MSE Loss:0.894026270, Time_Elapsed:1850.8460 secs
Epoch: 1200/3000, Training MSE Loss:2.040812314, Val. MSE Loss:2.183008234, Time_Elapsed:2219.8859 secs
Epoch: 1400/3000, Training MSE Loss:1.173675948, Val. MSE Loss:1.345370611, Time_Elapsed:2587.9522 secs
Epoch: 1600/3000, Training MSE Loss:2.625263317, Val. MSE Loss:2.656751474, Time_Elapsed:2956.3491 secs
Epoch: 1800/3000, Training MSE Loss:2.140839219, Val. MSE Loss:2.196834087, Time_Elapsed:3327.3462 secs
Epoch: 2000/3000, Training MSE Loss:2.061944890, Val. MSE Loss:2.129937689, Time_Elapsed:3696.1050 secs
Epoch: 2200/3000, Training MSE Loss:1.933225592, Val. MSE Loss:2.015205423, Time_Elapsed:4065.5352 secs
Epoch: 2400/3000, Training MSE Loss:1.423943766, Val. MSE Loss:1.506759584, Time_Elapsed:4433.9948 secs
Epoch: 2600/3000, Training MSE Loss:0.997018556, Val. MSE Loss:1.041699141, Time_Elapsed:4802.6886 secs
Epoch: 2800/3000, Training MSE Loss:0.614447786, Val. MSE Loss:0.697739889, Time_Elapsed:5172.2037 secs
Epoch: 3000/3000, Training MSE Loss:0.481936121, Val. MSE Loss:0.590332051, Time_Elapsed:5543.7276 secs
Saving the best model at epoch=2998, with training loss=0.5280813793341319, validation loss=0.5553125490744909
------------------------------ Training ends --------------------------------- 

------------------------------ Training begins --------------------------------- 

Config: {'model_type': 'gru', 'input_size': 1, 'output_size': 7, 'n_hidden': 30, 'n_layers': 2, 'lr': 0.001, 'num_epochs': 2000} 

Epoch: 1/2000, Training MSE Loss:89.737720490, Val. MSE Loss:79.945383708, Time_Elapsed:2.1302 secs
Epoch: 200/2000, Training MSE Loss:3.094983347, Val. MSE Loss:3.087498665, Time_Elapsed:440.1033 secs
Epoch: 400/2000, Training MSE Loss:0.727958288, Val. MSE Loss:0.786294401, Time_Elapsed:883.9614 secs
Epoch: 600/2000, Training MSE Loss:0.173467658, Val. MSE Loss:0.228680022, Time_Elapsed:1326.9671 secs
Epoch: 800/2000, Training MSE Loss:0.100812620, Val. MSE Loss:0.179779381, Time_Elapsed:1761.8732 secs
Epoch: 1000/2000, Training MSE Loss:0.069670170, Val. MSE Loss:0.168590059, Time_Elapsed:2203.2328 secs
Epoch: 1200/2000, Training MSE Loss:0.364844797, Val. MSE Loss:0.408483947, Time_Elapsed:2642.5754 secs
Epoch: 1400/2000, Training MSE Loss:0.480712580, Val. MSE Loss:0.570175568, Time_Elapsed:3084.5972 secs
Epoch: 1600/2000, Training MSE Loss:0.247096760, Val. MSE Loss:0.311824982, Time_Elapsed:3522.3997 secs
Epoch: 1800/2000, Training MSE Loss:0.239563107, Val. MSE Loss:0.266981465, Time_Elapsed:3964.8617 secs
Epoch: 2000/2000, Training MSE Loss:0.053289845, Val. MSE Loss:0.122129223, Time_Elapsed:4403.5349 secs
Saving the best model at epoch=2000, with training loss=0.053289844964941345, validation loss=0.12212922299901645
------------------------------ Training ends --------------------------------- 

------------------------------ Training begins --------------------------------- 

Config: {'model_type': 'gru', 'input_size': 1, 'output_size': 7, 'n_hidden': 30, 'n_layers': 2, 'lr': 0.001, 'num_epochs': 3000} 

Epoch: 1/3000, Training MSE Loss:92.887840525, Val. MSE Loss:82.502194722, Time_Elapsed:2.2284 secs
Epoch: 200/3000, Training MSE Loss:3.377337193, Val. MSE Loss:3.423196276, Time_Elapsed:443.7293 secs
Epoch: 400/3000, Training MSE Loss:0.402974472, Val. MSE Loss:0.522179827, Time_Elapsed:887.2136 secs
Epoch: 600/3000, Training MSE Loss:0.209900981, Val. MSE Loss:0.344618743, Time_Elapsed:1330.3011 secs
Epoch: 800/3000, Training MSE Loss:0.099635384, Val. MSE Loss:0.260676282, Time_Elapsed:1773.7058 secs
Epoch: 1000/3000, Training MSE Loss:0.152761832, Val. MSE Loss:0.242466738, Time_Elapsed:2217.0135 secs
Epoch: 1200/3000, Training MSE Loss:0.537280090, Val. MSE Loss:0.605827520, Time_Elapsed:2660.7133 secs
Epoch: 1400/3000, Training MSE Loss:0.118172296, Val. MSE Loss:0.276933335, Time_Elapsed:3104.7338 secs
Epoch: 1600/3000, Training MSE Loss:1.595377262, Val. MSE Loss:1.612022261, Time_Elapsed:3542.0394 secs
Epoch: 1800/3000, Training MSE Loss:0.204092305, Val. MSE Loss:0.317675923, Time_Elapsed:3980.1807 secs
Epoch: 2000/3000, Training MSE Loss:0.655055402, Val. MSE Loss:0.664977004, Time_Elapsed:4424.3454 secs
Epoch: 2200/3000, Training MSE Loss:0.169988655, Val. MSE Loss:0.208741220, Time_Elapsed:4867.1215 secs
Epoch: 2400/3000, Training MSE Loss:0.540381660, Val. MSE Loss:0.584766254, Time_Elapsed:5303.1693 secs
Epoch: 2600/3000, Training MSE Loss:0.318235041, Val. MSE Loss:0.360456566, Time_Elapsed:5735.9098 secs
Epoch: 2800/3000, Training MSE Loss:0.193991111, Val. MSE Loss:0.205834885, Time_Elapsed:6179.0304 secs
Epoch: 3000/3000, Training MSE Loss:0.552504701, Val. MSE Loss:0.600407675, Time_Elapsed:6613.1174 secs
Saving the best model at epoch=2932, with training loss=0.11820988530913988, validation loss=0.17241064459085464
------------------------------ Training ends --------------------------------- 

------------------------------ Training begins --------------------------------- 

Config: {'model_type': 'gru', 'input_size': 1, 'output_size': 7, 'n_hidden': 40, 'n_layers': 1, 'lr': 0.001, 'num_epochs': 2000} 

Epoch: 1/2000, Training MSE Loss:87.748956807, Val. MSE Loss:78.482594808, Time_Elapsed:1.2527 secs
Epoch: 200/2000, Training MSE Loss:1.642130733, Val. MSE Loss:1.687326948, Time_Elapsed:231.7984 secs
Epoch: 400/2000, Training MSE Loss:0.982367361, Val. MSE Loss:1.075851659, Time_Elapsed:473.2285 secs
Epoch: 600/2000, Training MSE Loss:0.583175493, Val. MSE Loss:0.629848560, Time_Elapsed:711.1665 secs
Epoch: 800/2000, Training MSE Loss:1.436490965, Val. MSE Loss:1.455685993, Time_Elapsed:950.5525 secs
Epoch: 1000/2000, Training MSE Loss:1.235463015, Val. MSE Loss:1.298371494, Time_Elapsed:1191.1249 secs
Epoch: 1200/2000, Training MSE Loss:0.420231161, Val. MSE Loss:0.507861788, Time_Elapsed:1438.7018 secs
Epoch: 1400/2000, Training MSE Loss:0.405118086, Val. MSE Loss:0.489839757, Time_Elapsed:1682.7314 secs
Epoch: 1600/2000, Training MSE Loss:0.741542045, Val. MSE Loss:0.788034429, Time_Elapsed:1928.8173 secs
Epoch: 1800/2000, Training MSE Loss:0.270904397, Val. MSE Loss:0.383634036, Time_Elapsed:2177.4528 secs
Epoch: 2000/2000, Training MSE Loss:0.178269842, Val. MSE Loss:0.304333128, Time_Elapsed:2418.5783 secs
Saving the best model at epoch=1999, with training loss=0.1890913650393486, validation loss=0.2953515077630679
------------------------------ Training ends --------------------------------- 

------------------------------ Training begins --------------------------------- 

Config: {'model_type': 'gru', 'input_size': 1, 'output_size': 7, 'n_hidden': 40, 'n_layers': 1, 'lr': 0.001, 'num_epochs': 3000} 

Epoch: 1/3000, Training MSE Loss:93.250720978, Val. MSE Loss:85.345142365, Time_Elapsed:1.1838 secs
Epoch: 200/3000, Training MSE Loss:1.986540043, Val. MSE Loss:2.072820465, Time_Elapsed:237.9952 secs
Epoch: 400/3000, Training MSE Loss:1.572694866, Val. MSE Loss:1.577393353, Time_Elapsed:476.3658 secs
Epoch: 600/3000, Training MSE Loss:0.499088138, Val. MSE Loss:0.558685576, Time_Elapsed:714.4846 secs
Epoch: 800/3000, Training MSE Loss:0.337100298, Val. MSE Loss:0.476046845, Time_Elapsed:959.6855 secs
Epoch: 1000/3000, Training MSE Loss:0.399542080, Val. MSE Loss:0.512224287, Time_Elapsed:1204.6477 secs
Epoch: 1200/3000, Training MSE Loss:0.220123175, Val. MSE Loss:0.368606071, Time_Elapsed:1448.6230 secs
Epoch: 1400/3000, Training MSE Loss:0.195274470, Val. MSE Loss:0.336955751, Time_Elapsed:1686.9743 secs
Epoch: 1600/3000, Training MSE Loss:0.355473493, Val. MSE Loss:0.405195246, Time_Elapsed:1927.3958 secs
Epoch: 1800/3000, Training MSE Loss:0.232915166, Val. MSE Loss:0.304872148, Time_Elapsed:2166.8332 secs
Epoch: 2000/3000, Training MSE Loss:0.162743267, Val. MSE Loss:0.269600848, Time_Elapsed:2403.9816 secs
Epoch: 2200/3000, Training MSE Loss:0.168432710, Val. MSE Loss:0.281416903, Time_Elapsed:2640.0863 secs
Epoch: 2400/3000, Training MSE Loss:0.418653796, Val. MSE Loss:0.477303639, Time_Elapsed:2882.7056 secs
Epoch: 2600/3000, Training MSE Loss:0.217636844, Val. MSE Loss:0.286446897, Time_Elapsed:3124.8888 secs
Epoch: 2800/3000, Training MSE Loss:0.481359447, Val. MSE Loss:0.476515442, Time_Elapsed:3364.2433 secs
Epoch: 3000/3000, Training MSE Loss:0.164137622, Val. MSE Loss:0.254920493, Time_Elapsed:3600.4710 secs
Saving the best model at epoch=2879, with training loss=0.1228437898059686, validation loss=0.21469368785619736
------------------------------ Training ends --------------------------------- 

------------------------------ Training begins --------------------------------- 

Config: {'model_type': 'gru', 'input_size': 1, 'output_size': 7, 'n_hidden': 40, 'n_layers': 2, 'lr': 0.001, 'num_epochs': 2000} 

Epoch: 1/2000, Training MSE Loss:88.505887604, Val. MSE Loss:75.936957041, Time_Elapsed:1.5908 secs
Epoch: 200/2000, Training MSE Loss:0.859473693, Val. MSE Loss:0.849981149, Time_Elapsed:347.3318 secs
Epoch: 400/2000, Training MSE Loss:0.161067700, Val. MSE Loss:0.262313368, Time_Elapsed:714.5650 secs
Epoch: 600/2000, Training MSE Loss:0.133676321, Val. MSE Loss:0.284270940, Time_Elapsed:1100.1980 secs
Epoch: 800/2000, Training MSE Loss:0.052990488, Val. MSE Loss:0.195343581, Time_Elapsed:1485.8045 secs
Epoch: 1000/2000, Training MSE Loss:0.121425717, Val. MSE Loss:0.225124543, Time_Elapsed:1861.7567 secs
Epoch: 1200/2000, Training MSE Loss:0.022138899, Val. MSE Loss:0.136248908, Time_Elapsed:2235.2153 secs
Epoch: 1400/2000, Training MSE Loss:0.041857129, Val. MSE Loss:0.171508126, Time_Elapsed:2577.4223 secs
Epoch: 1600/2000, Training MSE Loss:0.016090569, Val. MSE Loss:0.118115403, Time_Elapsed:2962.4967 secs
Epoch: 1800/2000, Training MSE Loss:0.008755735, Val. MSE Loss:0.107246500, Time_Elapsed:3347.7392 secs
Epoch: 2000/2000, Training MSE Loss:0.141054966, Val. MSE Loss:0.223233665, Time_Elapsed:3733.7604 secs
Saving the best model at epoch=1806, with training loss=0.008387067634612323, validation loss=0.0997410931934913
------------------------------ Training ends --------------------------------- 

------------------------------ Training begins --------------------------------- 

Config: {'model_type': 'gru', 'input_size': 1, 'output_size': 7, 'n_hidden': 40, 'n_layers': 2, 'lr': 0.001, 'num_epochs': 3000} 

Epoch: 1/3000, Training MSE Loss:86.184664154, Val. MSE Loss:74.073451996, Time_Elapsed:1.9264 secs
Epoch: 200/3000, Training MSE Loss:0.879656033, Val. MSE Loss:0.932469298, Time_Elapsed:385.3663 secs
Epoch: 400/3000, Training MSE Loss:0.459198550, Val. MSE Loss:0.351468210, Time_Elapsed:729.1299 secs
Epoch: 600/3000, Training MSE Loss:0.193306580, Val. MSE Loss:0.237999414, Time_Elapsed:1114.5621 secs
Epoch: 800/3000, Training MSE Loss:0.100624828, Val. MSE Loss:0.200030518, Time_Elapsed:1500.1768 secs
Epoch: 1000/3000, Training MSE Loss:0.139928899, Val. MSE Loss:0.294306755, Time_Elapsed:1885.5907 secs
Epoch: 1200/3000, Training MSE Loss:0.072148089, Val. MSE Loss:0.180796331, Time_Elapsed:2270.9447 secs
Epoch: 1400/3000, Training MSE Loss:0.159423241, Val. MSE Loss:0.159966592, Time_Elapsed:2656.5759 secs
Epoch: 1600/3000, Training MSE Loss:0.020255047, Val. MSE Loss:0.131647790, Time_Elapsed:3023.4680 secs
Epoch: 1800/3000, Training MSE Loss:0.027719531, Val. MSE Loss:0.133568968, Time_Elapsed:3402.7139 secs
Epoch: 2000/3000, Training MSE Loss:0.015226418, Val. MSE Loss:0.127563406, Time_Elapsed:3787.7733 secs
Epoch: 2200/3000, Training MSE Loss:0.014763796, Val. MSE Loss:0.108397852, Time_Elapsed:4173.0757 secs
Epoch: 2400/3000, Training MSE Loss:0.007861708, Val. MSE Loss:0.104446010, Time_Elapsed:4558.0650 secs
Epoch: 2600/3000, Training MSE Loss:0.007623468, Val. MSE Loss:0.127773630, Time_Elapsed:4943.7754 secs
Epoch: 2800/3000, Training MSE Loss:0.114385710, Val. MSE Loss:0.207307632, Time_Elapsed:5329.5314 secs
Epoch: 3000/3000, Training MSE Loss:0.028655443, Val. MSE Loss:0.154470358, Time_Elapsed:5713.4110 secs
Saving the best model at epoch=2228, with training loss=0.021238582426061234, validation loss=0.08936939636866252
------------------------------ Training ends --------------------------------- 

------------------------------ Training begins --------------------------------- 

Config: {'model_type': 'gru', 'input_size': 1, 'output_size': 7, 'n_hidden': 50, 'n_layers': 1, 'lr': 0.001, 'num_epochs': 2000} 

Epoch: 1/2000, Training MSE Loss:90.639011892, Val. MSE Loss:79.865899404, Time_Elapsed:2.0975 secs
Epoch: 200/2000, Training MSE Loss:1.309192880, Val. MSE Loss:1.422208806, Time_Elapsed:420.8803 secs
Epoch: 400/2000, Training MSE Loss:0.515260394, Val. MSE Loss:0.589691341, Time_Elapsed:840.2136 secs
Epoch: 600/2000, Training MSE Loss:0.892027165, Val. MSE Loss:0.925745179, Time_Elapsed:1261.9697 secs
Epoch: 800/2000, Training MSE Loss:0.531155021, Val. MSE Loss:0.614700794, Time_Elapsed:1682.8294 secs
Epoch: 1000/2000, Training MSE Loss:0.264810759, Val. MSE Loss:0.383484249, Time_Elapsed:2102.8957 secs
Epoch: 1200/2000, Training MSE Loss:0.156458026, Val. MSE Loss:0.336381915, Time_Elapsed:2523.7253 secs
Epoch: 1400/2000, Training MSE Loss:0.123026153, Val. MSE Loss:0.286172353, Time_Elapsed:2943.3825 secs
Epoch: 1600/2000, Training MSE Loss:0.635903255, Val. MSE Loss:0.730776866, Time_Elapsed:3363.5633 secs
Epoch: 1800/2000, Training MSE Loss:0.239770039, Val. MSE Loss:0.303570566, Time_Elapsed:3784.2944 secs
Epoch: 2000/2000, Training MSE Loss:0.105370497, Val. MSE Loss:0.221079056, Time_Elapsed:4205.6555 secs
Saving the best model at epoch=1997, with training loss=0.12323042179147402, validation loss=0.19784621646006903
------------------------------ Training ends --------------------------------- 

------------------------------ Training begins --------------------------------- 

Config: {'model_type': 'gru', 'input_size': 1, 'output_size': 7, 'n_hidden': 50, 'n_layers': 1, 'lr': 0.001, 'num_epochs': 3000} 

Epoch: 1/3000, Training MSE Loss:89.047866821, Val. MSE Loss:79.239325205, Time_Elapsed:2.0986 secs
Epoch: 200/3000, Training MSE Loss:1.619946508, Val. MSE Loss:1.787743688, Time_Elapsed:420.1481 secs
Epoch: 400/3000, Training MSE Loss:0.633223706, Val. MSE Loss:0.697843124, Time_Elapsed:839.8127 secs
Epoch: 600/3000, Training MSE Loss:0.424608003, Val. MSE Loss:0.446504379, Time_Elapsed:1260.1605 secs
Epoch: 800/3000, Training MSE Loss:0.176090200, Val. MSE Loss:0.255045536, Time_Elapsed:1678.5341 secs
Epoch: 1000/3000, Training MSE Loss:0.166180324, Val. MSE Loss:0.224444285, Time_Elapsed:2098.3509 secs
Epoch: 1200/3000, Training MSE Loss:0.111052339, Val. MSE Loss:0.168677703, Time_Elapsed:2519.1122 secs
Epoch: 1400/3000, Training MSE Loss:0.085661593, Val. MSE Loss:0.160098539, Time_Elapsed:2940.0294 secs
Epoch: 1600/3000, Training MSE Loss:0.065663922, Val. MSE Loss:0.159089285, Time_Elapsed:3360.8727 secs
Epoch: 1800/3000, Training MSE Loss:0.103877238, Val. MSE Loss:0.158942716, Time_Elapsed:3778.3904 secs
Epoch: 2000/3000, Training MSE Loss:0.038515701, Val. MSE Loss:0.146514920, Time_Elapsed:4199.8317 secs
Epoch: 2200/3000, Training MSE Loss:0.032050545, Val. MSE Loss:0.142835920, Time_Elapsed:4616.6309 secs
Epoch: 2400/3000, Training MSE Loss:0.393177611, Val. MSE Loss:0.453773429, Time_Elapsed:5033.8768 secs
Epoch: 2600/3000, Training MSE Loss:0.247254812, Val. MSE Loss:0.431340640, Time_Elapsed:5449.4541 secs
Epoch: 2800/3000, Training MSE Loss:0.179908159, Val. MSE Loss:0.312488402, Time_Elapsed:5869.8960 secs
Epoch: 3000/3000, Training MSE Loss:0.121305877, Val. MSE Loss:0.299520701, Time_Elapsed:6290.5759 secs
Saving the best model at epoch=2144, with training loss=0.03697708838929733, validation loss=0.1233478660384814
------------------------------ Training ends --------------------------------- 

------------------------------ Training begins --------------------------------- 

Config: {'model_type': 'gru', 'input_size': 1, 'output_size': 7, 'n_hidden': 50, 'n_layers': 2, 'lr': 0.001, 'num_epochs': 2000} 

Epoch: 1/2000, Training MSE Loss:84.897534943, Val. MSE Loss:71.553527832, Time_Elapsed:2.4665 secs
Epoch: 200/2000, Training MSE Loss:0.756384212, Val. MSE Loss:0.849260141, Time_Elapsed:534.3147 secs
Epoch: 400/2000, Training MSE Loss:0.098027612, Val. MSE Loss:0.190171601, Time_Elapsed:1066.9684 secs
Epoch: 600/2000, Training MSE Loss:0.032198231, Val. MSE Loss:0.136122096, Time_Elapsed:1563.2974 secs
Epoch: 800/2000, Training MSE Loss:0.036466534, Val. MSE Loss:0.135034772, Time_Elapsed:2067.8649 secs
Epoch: 1000/2000, Training MSE Loss:0.038368282, Val. MSE Loss:0.196506072, Time_Elapsed:2578.4040 secs
Epoch: 1200/2000, Training MSE Loss:0.006871633, Val. MSE Loss:0.105535857, Time_Elapsed:3069.1783 secs
Epoch: 1400/2000, Training MSE Loss:0.012954091, Val. MSE Loss:0.123240103, Time_Elapsed:3562.2482 secs
Epoch: 1600/2000, Training MSE Loss:0.009390800, Val. MSE Loss:0.098424143, Time_Elapsed:4056.5727 secs
Epoch: 1800/2000, Training MSE Loss:0.084237398, Val. MSE Loss:0.308509735, Time_Elapsed:4549.4625 secs
Epoch: 2000/2000, Training MSE Loss:0.015134885, Val. MSE Loss:0.123502420, Time_Elapsed:5055.7406 secs
Saving the best model at epoch=1694, with training loss=0.004531322008309265, validation loss=0.08714881461734574
------------------------------ Training ends --------------------------------- 

------------------------------ Training begins --------------------------------- 

Config: {'model_type': 'gru', 'input_size': 1, 'output_size': 7, 'n_hidden': 50, 'n_layers': 2, 'lr': 0.001, 'num_epochs': 3000} 

Epoch: 1/3000, Training MSE Loss:89.116514333, Val. MSE Loss:74.094102224, Time_Elapsed:2.6069 secs
Epoch: 200/3000, Training MSE Loss:0.794618003, Val. MSE Loss:0.737975329, Time_Elapsed:507.3085 secs
Epoch: 400/3000, Training MSE Loss:0.145364214, Val. MSE Loss:0.204971761, Time_Elapsed:1006.7448 secs
Epoch: 600/3000, Training MSE Loss:0.124054062, Val. MSE Loss:0.161122950, Time_Elapsed:1505.1105 secs
Epoch: 800/3000, Training MSE Loss:0.017958517, Val. MSE Loss:0.075966970, Time_Elapsed:1999.0927 secs
Epoch: 1000/3000, Training MSE Loss:0.018888353, Val. MSE Loss:0.075267060, Time_Elapsed:2556.6291 secs
Epoch: 1200/3000, Training MSE Loss:0.006917722, Val. MSE Loss:0.066450692, Time_Elapsed:3114.6326 secs
Epoch: 1400/3000, Training MSE Loss:0.005598228, Val. MSE Loss:0.067194019, Time_Elapsed:3672.8974 secs
Epoch: 1600/3000, Training MSE Loss:0.003086977, Val. MSE Loss:0.063715783, Time_Elapsed:4219.3681 secs
Epoch: 1800/3000, Training MSE Loss:0.001848509, Val. MSE Loss:0.054428066, Time_Elapsed:4743.9697 secs
Epoch: 2000/3000, Training MSE Loss:0.001440964, Val. MSE Loss:0.053322759, Time_Elapsed:5247.1224 secs
Epoch: 2200/3000, Training MSE Loss:0.001316159, Val. MSE Loss:0.072390195, Time_Elapsed:5805.3543 secs
Epoch: 2400/3000, Training MSE Loss:0.001236228, Val. MSE Loss:0.078183878, Time_Elapsed:6303.4187 secs
Epoch: 2600/3000, Training MSE Loss:0.001172873, Val. MSE Loss:0.060634795, Time_Elapsed:6845.1425 secs
Epoch: 2800/3000, Training MSE Loss:0.000981222, Val. MSE Loss:0.063217685, Time_Elapsed:7348.1700 secs
Epoch: 3000/3000, Training MSE Loss:0.153496649, Val. MSE Loss:0.218733609, Time_Elapsed:7842.7061 secs
Saving the best model at epoch=1914, with training loss=0.00243381669667239, validation loss=0.04097657208330929
------------------------------ Training ends --------------------------------- 

------------------------------ Training begins --------------------------------- 

Config: {'model_type': 'gru', 'input_size': 1, 'output_size': 7, 'n_hidden': 60, 'n_layers': 1, 'lr': 0.001, 'num_epochs': 2000} 

Epoch: 1/2000, Training MSE Loss:84.008884939, Val. MSE Loss:71.641986847, Time_Elapsed:1.2467 secs
Epoch: 200/2000, Training MSE Loss:1.701789943, Val. MSE Loss:2.099807878, Time_Elapsed:246.5482 secs
Epoch: 400/2000, Training MSE Loss:0.581755940, Val. MSE Loss:0.610444009, Time_Elapsed:500.7780 secs
Epoch: 600/2000, Training MSE Loss:0.314082105, Val. MSE Loss:0.380898769, Time_Elapsed:763.6108 secs
Epoch: 800/2000, Training MSE Loss:0.175860537, Val. MSE Loss:0.254831530, Time_Elapsed:1026.6018 secs
Epoch: 1000/2000, Training MSE Loss:0.386840591, Val. MSE Loss:0.468132128, Time_Elapsed:1285.7712 secs
Epoch: 1200/2000, Training MSE Loss:0.186645608, Val. MSE Loss:0.271373063, Time_Elapsed:1542.4082 secs
Epoch: 1400/2000, Training MSE Loss:0.180500613, Val. MSE Loss:0.248799299, Time_Elapsed:1793.0588 secs
Epoch: 1600/2000, Training MSE Loss:0.065777560, Val. MSE Loss:0.151211141, Time_Elapsed:2054.8952 secs
Epoch: 1800/2000, Training MSE Loss:0.054839589, Val. MSE Loss:0.148209210, Time_Elapsed:2304.1499 secs
Epoch: 2000/2000, Training MSE Loss:0.062230589, Val. MSE Loss:0.146526632, Time_Elapsed:2550.3306 secs
Saving the best model at epoch=1777, with training loss=0.045393815139929454, validation loss=0.1235819614181916
------------------------------ Training ends --------------------------------- 

------------------------------ Training begins --------------------------------- 

Config: {'model_type': 'gru', 'input_size': 1, 'output_size': 7, 'n_hidden': 60, 'n_layers': 1, 'lr': 0.001, 'num_epochs': 3000} 

Epoch: 1/3000, Training MSE Loss:90.855348714, Val. MSE Loss:78.910269419, Time_Elapsed:1.2325 secs
Epoch: 200/3000, Training MSE Loss:1.161220336, Val. MSE Loss:1.279655943, Time_Elapsed:246.9815 secs
Epoch: 400/3000, Training MSE Loss:0.636138505, Val. MSE Loss:0.700496127, Time_Elapsed:494.4768 secs
Epoch: 600/3000, Training MSE Loss:0.421067166, Val. MSE Loss:0.506811947, Time_Elapsed:742.5696 secs
Epoch: 800/3000, Training MSE Loss:0.515593037, Val. MSE Loss:0.593204697, Time_Elapsed:994.1038 secs
Epoch: 1000/3000, Training MSE Loss:0.286168798, Val. MSE Loss:0.374236589, Time_Elapsed:1243.7710 secs
Epoch: 1200/3000, Training MSE Loss:0.099677212, Val. MSE Loss:0.206683775, Time_Elapsed:1492.7812 secs
Epoch: 1400/3000, Training MSE Loss:0.830004485, Val. MSE Loss:0.865477721, Time_Elapsed:1753.0263 secs
Epoch: 1600/3000, Training MSE Loss:0.207244721, Val. MSE Loss:0.254672207, Time_Elapsed:2005.5756 secs
Epoch: 1800/3000, Training MSE Loss:0.110642108, Val. MSE Loss:0.174440960, Time_Elapsed:2256.9212 secs
Epoch: 2000/3000, Training MSE Loss:0.062511947, Val. MSE Loss:0.180232151, Time_Elapsed:2510.2727 secs
Epoch: 2200/3000, Training MSE Loss:0.098125835, Val. MSE Loss:0.227738780, Time_Elapsed:2762.1803 secs
Epoch: 2400/3000, Training MSE Loss:0.058942521, Val. MSE Loss:0.151072061, Time_Elapsed:3024.4946 secs
Epoch: 2600/3000, Training MSE Loss:0.118919820, Val. MSE Loss:0.163001301, Time_Elapsed:3272.5148 secs
Epoch: 2800/3000, Training MSE Loss:0.056475543, Val. MSE Loss:0.119861937, Time_Elapsed:3522.7312 secs
Epoch: 3000/3000, Training MSE Loss:0.243027349, Val. MSE Loss:0.628201430, Time_Elapsed:3780.9062 secs
Saving the best model at epoch=2995, with training loss=0.03131468507150809, validation loss=0.10696041646103065
------------------------------ Training ends --------------------------------- 

------------------------------ Training begins --------------------------------- 

Config: {'model_type': 'gru', 'input_size': 1, 'output_size': 7, 'n_hidden': 60, 'n_layers': 2, 'lr': 0.001, 'num_epochs': 2000} 

Epoch: 1/2000, Training MSE Loss:80.808640544, Val. MSE Loss:64.969170888, Time_Elapsed:1.9472 secs
Epoch: 200/2000, Training MSE Loss:0.445432213, Val. MSE Loss:0.474030361, Time_Elapsed:386.2853 secs
Epoch: 400/2000, Training MSE Loss:0.073000089, Val. MSE Loss:0.236769559, Time_Elapsed:771.7817 secs
Epoch: 600/2000, Training MSE Loss:0.026665719, Val. MSE Loss:0.144091375, Time_Elapsed:1152.8640 secs
Epoch: 800/2000, Training MSE Loss:0.010361318, Val. MSE Loss:0.109199425, Time_Elapsed:1535.6025 secs
Epoch: 1000/2000, Training MSE Loss:0.596189958, Val. MSE Loss:0.579744384, Time_Elapsed:1923.1357 secs
Epoch: 1200/2000, Training MSE Loss:0.033837243, Val. MSE Loss:0.107504050, Time_Elapsed:2302.7814 secs
Epoch: 1400/2000, Training MSE Loss:0.005826442, Val. MSE Loss:0.071487640, Time_Elapsed:2689.2203 secs
Epoch: 1600/2000, Training MSE Loss:0.003432190, Val. MSE Loss:0.072204181, Time_Elapsed:3073.7773 secs
Epoch: 1800/2000, Training MSE Loss:0.002379348, Val. MSE Loss:0.077698217, Time_Elapsed:3459.7563 secs
Epoch: 2000/2000, Training MSE Loss:0.174850079, Val. MSE Loss:0.191381668, Time_Elapsed:3846.0872 secs
Saving the best model at epoch=1475, with training loss=0.006166833747799198, validation loss=0.04838010063394904
------------------------------ Training ends --------------------------------- 

------------------------------ Training begins --------------------------------- 

Config: {'model_type': 'gru', 'input_size': 1, 'output_size': 7, 'n_hidden': 60, 'n_layers': 2, 'lr': 0.001, 'num_epochs': 3000} 

Epoch: 1/3000, Training MSE Loss:81.286099752, Val. MSE Loss:64.908006668, Time_Elapsed:1.9444 secs
Epoch: 200/3000, Training MSE Loss:0.644774749, Val. MSE Loss:0.642016023, Time_Elapsed:387.4009 secs
Epoch: 400/3000, Training MSE Loss:0.259282127, Val. MSE Loss:0.347051938, Time_Elapsed:773.0747 secs
Epoch: 600/3000, Training MSE Loss:0.087668074, Val. MSE Loss:0.204236915, Time_Elapsed:1141.7954 secs
Epoch: 800/3000, Training MSE Loss:0.087093308, Val. MSE Loss:0.149586262, Time_Elapsed:1528.6548 secs
Epoch: 1000/3000, Training MSE Loss:0.008277872, Val. MSE Loss:0.091330952, Time_Elapsed:1913.6525 secs
Epoch: 1200/3000, Training MSE Loss:0.025359886, Val. MSE Loss:0.130021453, Time_Elapsed:2285.3838 secs
Epoch: 1400/3000, Training MSE Loss:0.011250877, Val. MSE Loss:0.100569772, Time_Elapsed:2668.3731 secs
Epoch: 1600/3000, Training MSE Loss:0.151076539, Val. MSE Loss:0.190474073, Time_Elapsed:3054.7935 secs
Epoch: 1800/3000, Training MSE Loss:0.001717592, Val. MSE Loss:0.072230792, Time_Elapsed:3437.0650 secs
Epoch: 2000/3000, Training MSE Loss:0.002630334, Val. MSE Loss:0.076597775, Time_Elapsed:3819.7008 secs
Epoch: 2200/3000, Training MSE Loss:0.001294157, Val. MSE Loss:0.096513342, Time_Elapsed:4206.4303 secs
Epoch: 2400/3000, Training MSE Loss:0.001439072, Val. MSE Loss:0.084162874, Time_Elapsed:4593.6263 secs
Epoch: 2600/3000, Training MSE Loss:0.147921289, Val. MSE Loss:0.146115380, Time_Elapsed:4972.3963 secs
Epoch: 2800/3000, Training MSE Loss:0.001652965, Val. MSE Loss:0.109114710, Time_Elapsed:5352.5411 secs
Epoch: 3000/3000, Training MSE Loss:0.187249578, Val. MSE Loss:0.231779871, Time_Elapsed:5724.8621 secs
Saving the best model at epoch=1843, with training loss=0.04432554530600707, validation loss=0.06337573161969583
------------------------------ Training ends --------------------------------- 

