------------------------------ Training begins --------------------------------- 

Config: {'model_type': 'lstm', 'input_size': 1, 'output_size': 5, 'n_hidden': 50, 'n_layers': 2, 'lr': 0.001, 'num_epochs': 3000} 

No. of trainable parameters: 32797

Epoch: 1/3000, Training MSE Loss:56.130549447, Val. MSE Loss:2.298284495, Time_Elapsed:2.8418 secs
Epoch: 200/3000, Training MSE Loss:0.036830985, Val. MSE Loss:0.041927806, Time_Elapsed:540.6645 secs
Epoch: 400/3000, Training MSE Loss:0.007009989, Val. MSE Loss:0.022261027, Time_Elapsed:1068.6321 secs
Epoch: 600/3000, Training MSE Loss:0.003782852, Val. MSE Loss:0.017557043, Time_Elapsed:1627.6317 secs
Epoch: 800/3000, Training MSE Loss:0.002776570, Val. MSE Loss:0.019029333, Time_Elapsed:2117.5201 secs
Epoch: 1000/3000, Training MSE Loss:0.015794202, Val. MSE Loss:0.021462881, Time_Elapsed:2643.0924 secs
Epoch: 1200/3000, Training MSE Loss:0.001045822, Val. MSE Loss:0.016634812, Time_Elapsed:3207.1421 secs
Epoch: 1400/3000, Training MSE Loss:0.001267216, Val. MSE Loss:0.020302846, Time_Elapsed:3730.8036 secs
Epoch: 1600/3000, Training MSE Loss:0.000847616, Val. MSE Loss:0.018441006, Time_Elapsed:4290.9103 secs
Epoch: 1800/3000, Training MSE Loss:0.001824020, Val. MSE Loss:0.017420135, Time_Elapsed:4849.6546 secs
Epoch: 2000/3000, Training MSE Loss:0.000560776, Val. MSE Loss:0.016339467, Time_Elapsed:5414.2700 secs
Epoch: 2200/3000, Training MSE Loss:0.000397874, Val. MSE Loss:0.018097028, Time_Elapsed:5974.5302 secs
Epoch: 2400/3000, Training MSE Loss:0.000391654, Val. MSE Loss:0.012993603, Time_Elapsed:6539.3758 secs
Epoch: 2600/3000, Training MSE Loss:0.000229438, Val. MSE Loss:0.016190485, Time_Elapsed:7104.2003 secs
Epoch: 2800/3000, Training MSE Loss:0.000188666, Val. MSE Loss:0.018110574, Time_Elapsed:7666.7321 secs
Epoch: 3000/3000, Training MSE Loss:0.000167842, Val. MSE Loss:0.015274756, Time_Elapsed:8220.4074 secs

Saving the best model at epoch=2315, with training loss=0.0012666714517478863, validation loss=0.01187930845868929
------------------------------ Training ends --------------------------------- 

