------------------------------ Training begins --------------------------------- 

Config: {'model_type': 'gru', 'input_size': 1, 'output_size': 7, 'n_hidden': 50, 'n_layers': 2, 'lr': 0.001, 'num_epochs': 3000} 

Epoch: 1/3000, Training MSE Loss:87.605451202, Val. MSE Loss:73.580602010, Time_Elapsed:2.9000 secs
Epoch: 200/3000, Training MSE Loss:0.768502986, Val. MSE Loss:0.783187896, Time_Elapsed:510.6696 secs
Epoch: 400/3000, Training MSE Loss:0.174250729, Val. MSE Loss:0.311011314, Time_Elapsed:1007.5723 secs
Epoch: 600/3000, Training MSE Loss:0.090299203, Val. MSE Loss:0.129806203, Time_Elapsed:1505.2669 secs
Epoch: 800/3000, Training MSE Loss:0.153931335, Val. MSE Loss:0.249167219, Time_Elapsed:2000.9684 secs
Epoch: 1000/3000, Training MSE Loss:0.064806933, Val. MSE Loss:0.156346799, Time_Elapsed:2509.8614 secs
Epoch: 1200/3000, Training MSE Loss:0.176654281, Val. MSE Loss:0.273502817, Time_Elapsed:3014.4783 secs
Epoch: 1400/3000, Training MSE Loss:0.027100556, Val. MSE Loss:0.080997504, Time_Elapsed:3532.7216 secs
Epoch: 1600/3000, Training MSE Loss:0.020619764, Val. MSE Loss:0.074225889, Time_Elapsed:4037.6268 secs
Epoch: 1800/3000, Training MSE Loss:0.006993502, Val. MSE Loss:0.057332966, Time_Elapsed:4544.0020 secs
Epoch: 2000/3000, Training MSE Loss:0.011497077, Val. MSE Loss:0.083299032, Time_Elapsed:5041.8276 secs
Epoch: 2200/3000, Training MSE Loss:0.006831667, Val. MSE Loss:0.082900293, Time_Elapsed:5555.2583 secs
Epoch: 2400/3000, Training MSE Loss:0.004560812, Val. MSE Loss:0.073446746, Time_Elapsed:6050.1253 secs
Epoch: 2600/3000, Training MSE Loss:0.012232385, Val. MSE Loss:0.079486907, Time_Elapsed:6552.7741 secs
Epoch: 2800/3000, Training MSE Loss:0.012933162, Val. MSE Loss:0.086131162, Time_Elapsed:7050.2936 secs
Epoch: 3000/3000, Training MSE Loss:0.003756514, Val. MSE Loss:0.095581197, Time_Elapsed:7572.0429 secs
Saving the best model at epoch=1891, with training loss=0.009721035230904817, validation loss=0.05206061868617932
------------------------------ Training ends --------------------------------- 

