------------------------------ Training begins --------------------------------- 

Config: {'model_type': 'lstm', 'input_size': 1, 'output_size': 7, 'n_hidden': 60, 'n_layers': 2, 'lr': 0.001, 'num_epochs': 3000} 

No. of trainable parameters: 46583

Epoch: 1/3000, Training MSE Loss:38.968635526, Val. MSE Loss:2.067994106, Time_Elapsed:2.8690 secs
Epoch: 200/3000, Training MSE Loss:0.021903821, Val. MSE Loss:0.024810053, Time_Elapsed:580.5442 secs
Epoch: 400/3000, Training MSE Loss:0.022779798, Val. MSE Loss:0.045444425, Time_Elapsed:1157.6333 secs
Epoch: 600/3000, Training MSE Loss:0.003509467, Val. MSE Loss:0.018737820, Time_Elapsed:1730.6748 secs
Epoch: 800/3000, Training MSE Loss:0.000840844, Val. MSE Loss:0.016987247, Time_Elapsed:2309.5580 secs
Epoch: 1000/3000, Training MSE Loss:0.000688196, Val. MSE Loss:0.017850906, Time_Elapsed:2882.6463 secs
Epoch: 1200/3000, Training MSE Loss:0.000656713, Val. MSE Loss:0.013791440, Time_Elapsed:3452.9384 secs
Epoch: 1400/3000, Training MSE Loss:0.000235137, Val. MSE Loss:0.015965940, Time_Elapsed:4006.0112 secs
Epoch: 1600/3000, Training MSE Loss:0.000377667, Val. MSE Loss:0.021704530, Time_Elapsed:4584.6282 secs
Epoch: 1800/3000, Training MSE Loss:0.002086061, Val. MSE Loss:0.018649448, Time_Elapsed:5159.3601 secs
Epoch: 2000/3000, Training MSE Loss:0.016586751, Val. MSE Loss:0.021673382, Time_Elapsed:5739.3968 secs
Epoch: 2200/3000, Training MSE Loss:0.000514891, Val. MSE Loss:0.016148097, Time_Elapsed:6309.3329 secs
Epoch: 2400/3000, Training MSE Loss:0.000210001, Val. MSE Loss:0.015845793, Time_Elapsed:6889.2800 secs
Epoch: 2600/3000, Training MSE Loss:0.000184990, Val. MSE Loss:0.023776279, Time_Elapsed:7466.4241 secs
Epoch: 2800/3000, Training MSE Loss:0.001095152, Val. MSE Loss:0.021121930, Time_Elapsed:8045.0639 secs
Epoch: 3000/3000, Training MSE Loss:0.000117846, Val. MSE Loss:0.017231556, Time_Elapsed:8624.0841 secs

Saving the best model at epoch=2229, with training loss=0.0005108428554534975, validation loss=0.012599308335726771
------------------------------ Training ends --------------------------------- 

------------------------------ Training begins --------------------------------- 

Config: {'model_type': 'lstm', 'input_size': 1, 'output_size': 7, 'n_hidden': 40, 'n_layers': 2, 'lr': 0.001, 'num_epochs': 3000} 

No. of trainable parameters: 21543

Epoch: 1/3000, Training MSE Loss:52.409110008, Val. MSE Loss:4.273316693, Time_Elapsed:2.8421 secs
Epoch: 200/3000, Training MSE Loss:0.031857282, Val. MSE Loss:0.031312767, Time_Elapsed:566.5205 secs
Epoch: 400/3000, Training MSE Loss:0.007279185, Val. MSE Loss:0.011826847, Time_Elapsed:1132.2406 secs
Epoch: 600/3000, Training MSE Loss:0.007429394, Val. MSE Loss:0.010065492, Time_Elapsed:1696.6349 secs
Epoch: 800/3000, Training MSE Loss:0.005608182, Val. MSE Loss:0.064145667, Time_Elapsed:2262.2316 secs
Epoch: 1000/3000, Training MSE Loss:0.000562091, Val. MSE Loss:0.010238028, Time_Elapsed:2828.6049 secs
Epoch: 1200/3000, Training MSE Loss:0.000326734, Val. MSE Loss:0.008139137, Time_Elapsed:3394.4378 secs
Epoch: 1400/3000, Training MSE Loss:0.018802550, Val. MSE Loss:0.026197601, Time_Elapsed:3923.6776 secs
Epoch: 1600/3000, Training MSE Loss:0.000499648, Val. MSE Loss:0.008342965, Time_Elapsed:4456.4939 secs
Epoch: 1800/3000, Training MSE Loss:0.003353106, Val. MSE Loss:0.009273609, Time_Elapsed:5015.1738 secs
Epoch: 2000/3000, Training MSE Loss:0.000278562, Val. MSE Loss:0.008084055, Time_Elapsed:5581.6209 secs
Epoch: 2200/3000, Training MSE Loss:0.000141075, Val. MSE Loss:0.007201416, Time_Elapsed:6146.9201 secs
Epoch: 2400/3000, Training MSE Loss:0.002548635, Val. MSE Loss:0.008831252, Time_Elapsed:6713.3433 secs
Epoch: 2600/3000, Training MSE Loss:0.000552109, Val. MSE Loss:0.004549277, Time_Elapsed:7265.8103 secs
Epoch: 2800/3000, Training MSE Loss:0.000136324, Val. MSE Loss:0.006372245, Time_Elapsed:7832.8029 secs
Epoch: 3000/3000, Training MSE Loss:0.002628551, Val. MSE Loss:0.007401796, Time_Elapsed:8399.5476 secs

Saving the best model at epoch=2599, with training loss=0.0004701277789133949, validation loss=0.0043291991848188145
------------------------------ Training ends --------------------------------- 

