------------------------------ Training begins --------------------------------- 

Config: {'model_type': 'gru', 'input_size': 1, 'output_size': 2, 'n_hidden': 40, 'n_layers': 2, 'lr': 0.001, 'num_epochs': 2000} 

------------------------------ Training begins --------------------------------- 

Config: {'model_type': 'gru', 'input_size': 1, 'output_size': 2, 'n_hidden': 40, 'n_layers': 2, 'lr': 0.001, 'num_epochs': 2000} 

------------------------------ Training begins --------------------------------- 

Config: {'model_type': 'gru', 'input_size': 1, 'output_size': 2, 'n_hidden': 40, 'n_layers': 2, 'lr': 0.001, 'num_epochs': 2000} 

------------------------------ Training begins --------------------------------- 

Config: {'model_type': 'gru', 'input_size': 1, 'output_size': 2, 'n_hidden': 40, 'n_layers': 2, 'lr': 0.001, 'num_epochs': 2000} 

Epoch: 1/2000, Training MSE Loss:4.284262355, Val. MSE Loss:2.254670819, Time_Elapsed:1.9304 secs
Epoch: 200/2000, Training MSE Loss:0.049960004, Val. MSE Loss:0.056539989, Time_Elapsed:377.6732 secs
Epoch: 400/2000, Training MSE Loss:0.035761094, Val. MSE Loss:0.048898804, Time_Elapsed:751.5178 secs
Epoch: 600/2000, Training MSE Loss:0.026286470, Val. MSE Loss:0.048744521, Time_Elapsed:1135.9423 secs
Epoch: 800/2000, Training MSE Loss:0.023598662, Val. MSE Loss:0.048824356, Time_Elapsed:1519.6819 secs
Epoch: 1000/2000, Training MSE Loss:0.014263635, Val. MSE Loss:0.057049117, Time_Elapsed:1903.4572 secs
Epoch: 1200/2000, Training MSE Loss:0.035573954, Val. MSE Loss:0.054254187, Time_Elapsed:2287.1524 secs
Epoch: 1400/2000, Training MSE Loss:0.027320620, Val. MSE Loss:0.049796352, Time_Elapsed:2670.4111 secs
Epoch: 1600/2000, Training MSE Loss:0.019765759, Val. MSE Loss:0.057588886, Time_Elapsed:3054.9038 secs
Epoch: 1800/2000, Training MSE Loss:0.011420217, Val. MSE Loss:0.065005294, Time_Elapsed:3434.0636 secs
Epoch: 2000/2000, Training MSE Loss:0.007938651, Val. MSE Loss:0.070062678, Time_Elapsed:3818.0985 secs
Saving the best model at epoch=465, with training loss=0.02836579978466034, validation loss=0.043959508960445724
------------------------------ Training ends --------------------------------- 

------------------------------ Training begins --------------------------------- 

Config: {'model_type': 'gru', 'input_size': 1, 'output_size': 2, 'n_hidden': 40, 'n_layers': 2, 'lr': 0.001, 'num_epochs': 2000} 

Epoch: 1/2000, Training MSE Loss:4.448505910, Val. MSE Loss:10.948108991, Time_Elapsed:1.9258 secs
Epoch: 200/2000, Training MSE Loss:0.050117494, Val. MSE Loss:0.263066883, Time_Elapsed:380.5384 secs
Epoch: 400/2000, Training MSE Loss:0.041436377, Val. MSE Loss:0.196401507, Time_Elapsed:761.6347 secs
Epoch: 600/2000, Training MSE Loss:0.027454867, Val. MSE Loss:0.203655608, Time_Elapsed:1141.8357 secs
Epoch: 800/2000, Training MSE Loss:0.022266486, Val. MSE Loss:0.213891442, Time_Elapsed:1522.7024 secs
Epoch: 1000/2000, Training MSE Loss:0.012712877, Val. MSE Loss:0.227092470, Time_Elapsed:1903.4488 secs
Epoch: 1200/2000, Training MSE Loss:0.035752223, Val. MSE Loss:0.204625557, Time_Elapsed:2234.7947 secs
Epoch: 1400/2000, Training MSE Loss:0.015970400, Val. MSE Loss:0.205931591, Time_Elapsed:2546.7787 secs
Epoch: 1600/2000, Training MSE Loss:0.010207670, Val. MSE Loss:0.222503578, Time_Elapsed:2858.0752 secs
Epoch: 1800/2000, Training MSE Loss:0.006447921, Val. MSE Loss:0.248858353, Time_Elapsed:3207.3548 secs
Epoch: 2000/2000, Training MSE Loss:0.004350692, Val. MSE Loss:0.252350740, Time_Elapsed:3528.8865 secs
Saving the best model at epoch=1317, with training loss=0.02250721404949824, validation loss=0.1879661257068316
------------------------------ Training ends --------------------------------- 

