------------------------------ Training begins --------------------------------- 

Config: {'model_type': 'gru', 'input_size': 1, 'output_size': 5, 'n_hidden': 40, 'n_layers': 1, 'lr': 0.001, 'num_epochs': 3000, 'n_hidden_dense': 32} 

No. of trainable parameters: 6637

Epoch: 1/3000, Training MSE Loss:76.194364794, Val. MSE Loss:11.684175396, Time_Elapsed:1.7813 secs
Epoch: 100/3000, Training MSE Loss:0.313883583, Val. MSE Loss:0.319102463, Time_Elapsed:189.3654 secs
Consecutive iterations are:[109, 110, 111]
Exit and Convergence reached after 3 iterations for relative change in NLL below :1e-05

Saving the best model at epoch=110, with training loss=0.30787017353537943, validation loss=0.31821627020835874
------------------------------ Training ends --------------------------------- 

------------------------------ Training begins --------------------------------- 

Config: {'model_type': 'gru', 'input_size': 1, 'output_size': 5, 'n_hidden': 40, 'n_layers': 1, 'lr': 0.001, 'num_epochs': 3000, 'n_hidden_dense': 40} 

No. of trainable parameters: 7005

Epoch: 1/3000, Training MSE Loss:43.288290536, Val. MSE Loss:1.739557926, Time_Elapsed:1.7627 secs
Epoch: 100/3000, Training MSE Loss:0.300565749, Val. MSE Loss:0.330996736, Time_Elapsed:186.3764 secs
Consecutive iterations are:[107, 108, 109]
Exit and Convergence reached after 3 iterations for relative change in NLL below :1e-05

Saving the best model at epoch=108, with training loss=0.2946217674381879, validation loss=0.32339427719513575
------------------------------ Training ends --------------------------------- 

------------------------------ Training begins --------------------------------- 

Config: {'model_type': 'gru', 'input_size': 1, 'output_size': 5, 'n_hidden': 40, 'n_layers': 2, 'lr': 0.001, 'num_epochs': 3000, 'n_hidden_dense': 32} 

No. of trainable parameters: 16477

Epoch: 1/3000, Training MSE Loss:60.385556745, Val. MSE Loss:3.599046254, Time_Elapsed:2.6460 secs
Epoch: 100/3000, Training MSE Loss:0.235887604, Val. MSE Loss:0.286240798, Time_Elapsed:282.6122 secs
Consecutive iterations are:[131, 132, 133]
Exit and Convergence reached after 3 iterations for relative change in NLL below :1e-05

Saving the best model at epoch=132, with training loss=0.20613351443997857, validation loss=0.25508370051781337
------------------------------ Training ends --------------------------------- 

------------------------------ Training begins --------------------------------- 

Config: {'model_type': 'gru', 'input_size': 1, 'output_size': 5, 'n_hidden': 40, 'n_layers': 2, 'lr': 0.001, 'num_epochs': 3000, 'n_hidden_dense': 40} 

No. of trainable parameters: 16845

Epoch: 1/3000, Training MSE Loss:53.523573000, Val. MSE Loss:2.290987154, Time_Elapsed:2.5986 secs
Epoch: 100/3000, Training MSE Loss:0.232352594, Val. MSE Loss:0.255939778, Time_Elapsed:282.5265 secs
Consecutive iterations are:[190, 191, 192]
Exit and Convergence reached after 3 iterations for relative change in NLL below :1e-05

Saving the best model at epoch=191, with training loss=0.17058580389030936, validation loss=0.2493387669324875
------------------------------ Training ends --------------------------------- 

------------------------------ Training begins --------------------------------- 

Config: {'model_type': 'gru', 'input_size': 1, 'output_size': 5, 'n_hidden': 50, 'n_layers': 1, 'lr': 0.001, 'num_epochs': 3000, 'n_hidden_dense': 32} 

No. of trainable parameters: 9747

Epoch: 1/3000, Training MSE Loss:48.795679628, Val. MSE Loss:1.724772795, Time_Elapsed:2.2179 secs
Epoch: 100/3000, Training MSE Loss:0.265414575, Val. MSE Loss:0.273028647, Time_Elapsed:241.0505 secs
Consecutive iterations are:[126, 127, 128]
Exit and Convergence reached after 3 iterations for relative change in NLL below :1e-05

Saving the best model at epoch=127, with training loss=0.2517742152724947, validation loss=0.26800805181264875
------------------------------ Training ends --------------------------------- 

------------------------------ Training begins --------------------------------- 

Config: {'model_type': 'gru', 'input_size': 1, 'output_size': 5, 'n_hidden': 50, 'n_layers': 1, 'lr': 0.001, 'num_epochs': 3000, 'n_hidden_dense': 40} 

No. of trainable parameters: 10195

Epoch: 1/3000, Training MSE Loss:53.173350110, Val. MSE Loss:1.729655151, Time_Elapsed:2.2171 secs
Epoch: 100/3000, Training MSE Loss:0.306003824, Val. MSE Loss:0.313768685, Time_Elapsed:238.3633 secs
Consecutive iterations are:[107, 108, 109]
Exit and Convergence reached after 3 iterations for relative change in NLL below :1e-05

Saving the best model at epoch=108, with training loss=0.29343881868586247, validation loss=0.3202519665161769
------------------------------ Training ends --------------------------------- 

------------------------------ Training begins --------------------------------- 

Config: {'model_type': 'gru', 'input_size': 1, 'output_size': 5, 'n_hidden': 50, 'n_layers': 2, 'lr': 0.001, 'num_epochs': 3000, 'n_hidden_dense': 32} 

No. of trainable parameters: 25047

Epoch: 1/3000, Training MSE Loss:48.118983278, Val. MSE Loss:1.726935943, Time_Elapsed:2.6410 secs
Interrupted!! ...saving the model at epoch:18
------------------------------ Training ends --------------------------------- 

------------------------------ Training begins --------------------------------- 

Config: {'model_type': 'gru', 'input_size': 1, 'output_size': 5, 'n_hidden': 50, 'n_layers': 2, 'lr': 0.001, 'num_epochs': 3000, 'n_hidden_dense': 40} 

No. of trainable parameters: 25495

Interrupted!! ...saving the model at epoch:1
------------------------------ Training ends --------------------------------- 

------------------------------ Training begins --------------------------------- 

Config: {'model_type': 'gru', 'input_size': 1, 'output_size': 5, 'n_hidden': 40, 'n_layers': 1, 'lr': 0.001, 'num_epochs': 3000, 'n_hidden_dense': 32} 

No. of trainable parameters: 6637

Epoch: 1/3000, Training MSE Loss:59.090080601, Val. MSE Loss:2.215230648, Time_Elapsed:1.7491 secs
Epoch: 100/3000, Training MSE Loss:0.281942242, Val. MSE Loss:0.346981182, Time_Elapsed:187.8137 secs
Consecutive iterations are:[123, 124, 125]
Exit and Convergence reached after 3 iterations for relative change in NLL below :0.001

Saving the best model at epoch=124, with training loss=0.2632241688009833, validation loss=0.2848619987567266
------------------------------ Training ends --------------------------------- 

------------------------------ Training begins --------------------------------- 

Config: {'model_type': 'gru', 'input_size': 1, 'output_size': 5, 'n_hidden': 40, 'n_layers': 1, 'lr': 0.001, 'num_epochs': 3000, 'n_hidden_dense': 40} 

No. of trainable parameters: 7005

Epoch: 1/3000, Training MSE Loss:51.934732326, Val. MSE Loss:1.728260835, Time_Elapsed:1.7527 secs
Epoch: 100/3000, Training MSE Loss:0.290175705, Val. MSE Loss:0.307582559, Time_Elapsed:187.3591 secs
Consecutive iterations are:[107, 108, 109]
Exit and Convergence reached after 3 iterations for relative change in NLL below :0.001

Saving the best model at epoch=108, with training loss=0.2825844855535598, validation loss=0.3023904035488764
------------------------------ Training ends --------------------------------- 

------------------------------ Training begins --------------------------------- 

Config: {'model_type': 'gru', 'input_size': 1, 'output_size': 5, 'n_hidden': 40, 'n_layers': 2, 'lr': 0.001, 'num_epochs': 3000, 'n_hidden_dense': 32} 

No. of trainable parameters: 16477

Epoch: 1/3000, Training MSE Loss:53.000879855, Val. MSE Loss:2.766055957, Time_Elapsed:2.6320 secs
Interrupted!! ...saving the model at epoch:26
------------------------------ Training ends --------------------------------- 

------------------------------ Training begins --------------------------------- 

Config: {'model_type': 'gru', 'input_size': 1, 'output_size': 5, 'n_hidden': 40, 'n_layers': 2, 'lr': 0.001, 'num_epochs': 3000, 'n_hidden_dense': 40} 

No. of trainable parameters: 16845

Interrupted!! ...saving the model at epoch:1
------------------------------ Training ends --------------------------------- 

------------------------------ Training begins --------------------------------- 

Config: {'model_type': 'gru', 'input_size': 1, 'output_size': 5, 'n_hidden': 40, 'n_layers': 1, 'lr': 0.001, 'num_epochs': 3000, 'n_hidden_dense': 32} 

No. of trainable parameters: 6637

Epoch: 1/3000, Training MSE Loss:62.184167564, Val. MSE Loss:3.691188137, Time_Elapsed:1.7524 secs
Epoch: 100/3000, Training MSE Loss:0.302214621, Val. MSE Loss:0.306625564, Time_Elapsed:187.9835 secs
Epoch: 200/3000, Training MSE Loss:0.244005052, Val. MSE Loss:0.260129011, Time_Elapsed:353.8878 secs
Epoch: 300/3000, Training MSE Loss:0.207611130, Val. MSE Loss:0.290935964, Time_Elapsed:542.9461 secs
Epoch: 400/3000, Training MSE Loss:0.187796506, Val. MSE Loss:0.247584351, Time_Elapsed:731.4528 secs
Epoch: 500/3000, Training MSE Loss:0.168899820, Val. MSE Loss:0.274288644, Time_Elapsed:919.8543 secs
Epoch: 600/3000, Training MSE Loss:0.156653943, Val. MSE Loss:0.252083868, Time_Elapsed:1070.8535 secs
Epoch: 700/3000, Training MSE Loss:0.151271025, Val. MSE Loss:0.258689100, Time_Elapsed:1222.0531 secs
Epoch: 800/3000, Training MSE Loss:0.146382809, Val. MSE Loss:0.258923935, Time_Elapsed:1408.2400 secs
Epoch: 900/3000, Training MSE Loss:0.150237850, Val. MSE Loss:0.263711691, Time_Elapsed:1596.7394 secs
Epoch: 1000/3000, Training MSE Loss:0.134169872, Val. MSE Loss:0.267611129, Time_Elapsed:1785.5216 secs
Epoch: 1100/3000, Training MSE Loss:0.140678337, Val. MSE Loss:0.261683826, Time_Elapsed:1963.7632 secs
Epoch: 1200/3000, Training MSE Loss:0.132600353, Val. MSE Loss:0.276123285, Time_Elapsed:2146.0979 secs
Epoch: 1300/3000, Training MSE Loss:0.122118844, Val. MSE Loss:0.280104059, Time_Elapsed:2334.2737 secs
Epoch: 1400/3000, Training MSE Loss:0.122502138, Val. MSE Loss:0.274562408, Time_Elapsed:2523.4541 secs
Interrupted!! ...saving the model at epoch:1449
------------------------------ Training ends --------------------------------- 

------------------------------ Training begins --------------------------------- 

Config: {'model_type': 'gru', 'input_size': 1, 'output_size': 5, 'n_hidden': 40, 'n_layers': 1, 'lr': 0.001, 'num_epochs': 3000, 'n_hidden_dense': 40} 

No. of trainable parameters: 7005

Interrupted!! ...saving the model at epoch:1
------------------------------ Training ends --------------------------------- 

------------------------------ Training begins --------------------------------- 

Config: {'model_type': 'gru', 'input_size': 1, 'output_size': 5, 'n_hidden': 40, 'n_layers': 1, 'lr': 0.001, 'num_epochs': 3000, 'n_hidden_dense': 32} 

No. of trainable parameters: 6637

Epoch: 1/3000, Training MSE Loss:63.422491850, Val. MSE Loss:3.451267465, Time_Elapsed:1.7870 secs
Epoch: 100/3000, Training MSE Loss:0.290095602, Val. MSE Loss:0.303847924, Time_Elapsed:189.1152 secs
Epoch: 200/3000, Training MSE Loss:0.225907789, Val. MSE Loss:0.264570142, Time_Elapsed:373.6542 secs
Epoch: 300/3000, Training MSE Loss:0.198293974, Val. MSE Loss:0.247550744, Time_Elapsed:563.2185 secs
Epoch: 400/3000, Training MSE Loss:0.178741800, Val. MSE Loss:0.268698150, Time_Elapsed:745.2577 secs
Consecutive iterations are:[417, 418, 419]
Exit and Convergence reached after 3 iterations for relative change in NLL below :0.001

Saving the best model at epoch=418, with training loss=0.17832347137384674, validation loss=0.24455685565869015
------------------------------ Training ends --------------------------------- 

------------------------------ Training begins --------------------------------- 

Config: {'model_type': 'gru', 'input_size': 1, 'output_size': 5, 'n_hidden': 40, 'n_layers': 1, 'lr': 0.001, 'num_epochs': 3000, 'n_hidden_dense': 40} 

No. of trainable parameters: 7005

Epoch: 1/3000, Training MSE Loss:49.119765206, Val. MSE Loss:1.741455774, Time_Elapsed:1.3772 secs
Epoch: 100/3000, Training MSE Loss:0.282308528, Val. MSE Loss:0.294233876, Time_Elapsed:167.4223 secs
Epoch: 200/3000, Training MSE Loss:0.234970833, Val. MSE Loss:0.268417417, Time_Elapsed:357.1772 secs
Epoch: 300/3000, Training MSE Loss:0.209097712, Val. MSE Loss:0.256041435, Time_Elapsed:537.2695 secs
Epoch: 400/3000, Training MSE Loss:0.173648303, Val. MSE Loss:0.262106977, Time_Elapsed:723.6518 secs
Consecutive iterations are:[418, 419, 420]
Exit and Convergence reached after 3 iterations for relative change in NLL below :0.001

Saving the best model at epoch=419, with training loss=0.17321867982343753, validation loss=0.2793720379471779
------------------------------ Training ends --------------------------------- 

------------------------------ Training begins --------------------------------- 

Config: {'model_type': 'gru', 'input_size': 1, 'output_size': 5, 'n_hidden': 40, 'n_layers': 2, 'lr': 0.001, 'num_epochs': 3000, 'n_hidden_dense': 32} 

No. of trainable parameters: 16477

Epoch: 1/3000, Training MSE Loss:56.581617780, Val. MSE Loss:4.057799188, Time_Elapsed:2.6561 secs
Epoch: 100/3000, Training MSE Loss:0.242791963, Val. MSE Loss:0.289371773, Time_Elapsed:282.5377 secs
Epoch: 200/3000, Training MSE Loss:0.171435697, Val. MSE Loss:0.259014232, Time_Elapsed:522.8277 secs
Epoch: 300/3000, Training MSE Loss:0.130193335, Val. MSE Loss:0.270182289, Time_Elapsed:793.5519 secs
Epoch: 400/3000, Training MSE Loss:0.101365793, Val. MSE Loss:0.324727850, Time_Elapsed:1076.9055 secs
Consecutive iterations are:[411, 412, 413]
Exit and Convergence reached after 3 iterations for relative change in NLL below :0.001

Saving the best model at epoch=412, with training loss=0.09626520133646978, validation loss=0.2960881575942039
------------------------------ Training ends --------------------------------- 

------------------------------ Training begins --------------------------------- 

Config: {'model_type': 'gru', 'input_size': 1, 'output_size': 5, 'n_hidden': 40, 'n_layers': 2, 'lr': 0.001, 'num_epochs': 3000, 'n_hidden_dense': 40} 

No. of trainable parameters: 16845

Epoch: 1/3000, Training MSE Loss:51.704176850, Val. MSE Loss:1.941904795, Time_Elapsed:2.6418 secs
Epoch: 100/3000, Training MSE Loss:0.230434345, Val. MSE Loss:0.247805164, Time_Elapsed:282.5820 secs
Epoch: 200/3000, Training MSE Loss:0.167340142, Val. MSE Loss:0.236192478, Time_Elapsed:566.8320 secs
Epoch: 300/3000, Training MSE Loss:0.117757663, Val. MSE Loss:0.243886447, Time_Elapsed:851.1424 secs
Consecutive iterations are:[311, 312, 313]
Exit and Convergence reached after 3 iterations for relative change in NLL below :0.001

Saving the best model at epoch=312, with training loss=0.11293010550494097, validation loss=0.25229575037956237
------------------------------ Training ends --------------------------------- 

------------------------------ Training begins --------------------------------- 

Config: {'model_type': 'gru', 'input_size': 1, 'output_size': 5, 'n_hidden': 50, 'n_layers': 1, 'lr': 0.001, 'num_epochs': 3000, 'n_hidden_dense': 32} 

No. of trainable parameters: 9747

Epoch: 1/3000, Training MSE Loss:47.796276923, Val. MSE Loss:1.723699176, Time_Elapsed:2.2322 secs
Epoch: 100/3000, Training MSE Loss:0.318214994, Val. MSE Loss:0.351673144, Time_Elapsed:240.4912 secs
Epoch: 200/3000, Training MSE Loss:0.246721381, Val. MSE Loss:0.300406267, Time_Elapsed:482.7361 secs
Epoch: 300/3000, Training MSE Loss:0.210760048, Val. MSE Loss:0.261025829, Time_Elapsed:724.9290 secs
Consecutive iterations are:[374, 375, 376]
Exit and Convergence reached after 3 iterations for relative change in NLL below :0.001

Saving the best model at epoch=375, with training loss=0.18534658235960266, validation loss=0.2651573876539866
------------------------------ Training ends --------------------------------- 

------------------------------ Training begins --------------------------------- 

Config: {'model_type': 'gru', 'input_size': 1, 'output_size': 5, 'n_hidden': 50, 'n_layers': 1, 'lr': 0.001, 'num_epochs': 3000, 'n_hidden_dense': 40} 

No. of trainable parameters: 10195

Epoch: 1/3000, Training MSE Loss:51.594621669, Val. MSE Loss:1.746397885, Time_Elapsed:2.2286 secs
Epoch: 100/3000, Training MSE Loss:0.281468642, Val. MSE Loss:0.294094161, Time_Elapsed:241.5048 secs
Epoch: 200/3000, Training MSE Loss:0.221196783, Val. MSE Loss:0.249883088, Time_Elapsed:483.0495 secs
Epoch: 300/3000, Training MSE Loss:0.187608069, Val. MSE Loss:0.268090739, Time_Elapsed:725.0164 secs
Epoch: 400/3000, Training MSE Loss:0.168684927, Val. MSE Loss:0.261946827, Time_Elapsed:967.2414 secs
Consecutive iterations are:[452, 453, 454]
Exit and Convergence reached after 3 iterations for relative change in NLL below :0.001

Saving the best model at epoch=453, with training loss=0.15986168207157225, validation loss=0.26728790005048114
------------------------------ Training ends --------------------------------- 

------------------------------ Training begins --------------------------------- 

Config: {'model_type': 'gru', 'input_size': 1, 'output_size': 5, 'n_hidden': 50, 'n_layers': 2, 'lr': 0.001, 'num_epochs': 3000, 'n_hidden_dense': 32} 

No. of trainable parameters: 25047

Epoch: 1/3000, Training MSE Loss:47.597331698, Val. MSE Loss:1.785368995, Time_Elapsed:2.8675 secs
Epoch: 100/3000, Training MSE Loss:0.229283222, Val. MSE Loss:0.264356960, Time_Elapsed:308.7818 secs
Epoch: 200/3000, Training MSE Loss:0.135582674, Val. MSE Loss:0.265680302, Time_Elapsed:619.1391 secs
Epoch: 300/3000, Training MSE Loss:0.076275920, Val. MSE Loss:0.263579737, Time_Elapsed:929.5315 secs
Consecutive iterations are:[347, 348, 349]
Exit and Convergence reached after 3 iterations for relative change in NLL below :0.001

Saving the best model at epoch=348, with training loss=0.06119871109115834, validation loss=0.28162736097971597
------------------------------ Training ends --------------------------------- 

------------------------------ Training begins --------------------------------- 

Config: {'model_type': 'gru', 'input_size': 1, 'output_size': 5, 'n_hidden': 50, 'n_layers': 2, 'lr': 0.001, 'num_epochs': 3000, 'n_hidden_dense': 40} 

No. of trainable parameters: 25495

Epoch: 1/3000, Training MSE Loss:53.861345217, Val. MSE Loss:1.808765145, Time_Elapsed:2.6212 secs
Epoch: 100/3000, Training MSE Loss:0.210246913, Val. MSE Loss:0.250411522, Time_Elapsed:305.5908 secs
Epoch: 200/3000, Training MSE Loss:0.126086385, Val. MSE Loss:0.245739634, Time_Elapsed:613.9956 secs
Epoch: 300/3000, Training MSE Loss:0.084720461, Val. MSE Loss:0.250285678, Time_Elapsed:924.1050 secs
Consecutive iterations are:[393, 394, 395]
Exit and Convergence reached after 3 iterations for relative change in NLL below :0.001

Saving the best model at epoch=394, with training loss=0.050885482152708536, validation loss=0.2758103976647059
------------------------------ Training ends --------------------------------- 

------------------------------ Training begins --------------------------------- 

Config: {'model_type': 'gru', 'input_size': 1, 'output_size': 5, 'n_hidden': 60, 'n_layers': 1, 'lr': 0.001, 'num_epochs': 3000, 'n_hidden_dense': 32} 

No. of trainable parameters: 13457

Epoch: 1/3000, Training MSE Loss:54.711457194, Val. MSE Loss:1.866482250, Time_Elapsed:1.7902 secs
Epoch: 100/3000, Training MSE Loss:0.298724831, Val. MSE Loss:0.304616464, Time_Elapsed:190.8899 secs
Epoch: 200/3000, Training MSE Loss:0.228804085, Val. MSE Loss:0.272631521, Time_Elapsed:383.3800 secs
Epoch: 300/3000, Training MSE Loss:0.206295356, Val. MSE Loss:0.271726084, Time_Elapsed:552.3011 secs
Consecutive iterations are:[318, 319, 320]
Exit and Convergence reached after 3 iterations for relative change in NLL below :0.001

Saving the best model at epoch=319, with training loss=0.19140663003029468, validation loss=0.2820194279154142
------------------------------ Training ends --------------------------------- 

------------------------------ Training begins --------------------------------- 

Config: {'model_type': 'gru', 'input_size': 1, 'output_size': 5, 'n_hidden': 60, 'n_layers': 1, 'lr': 0.001, 'num_epochs': 3000, 'n_hidden_dense': 40} 

No. of trainable parameters: 13985

Epoch: 1/3000, Training MSE Loss:42.145194426, Val. MSE Loss:1.737153947, Time_Elapsed:1.4412 secs
Epoch: 100/3000, Training MSE Loss:0.269446354, Val. MSE Loss:0.276577971, Time_Elapsed:156.6964 secs
Epoch: 200/3000, Training MSE Loss:0.217316554, Val. MSE Loss:0.261131850, Time_Elapsed:347.5769 secs
Epoch: 300/3000, Training MSE Loss:0.177641021, Val. MSE Loss:0.262690973, Time_Elapsed:538.0697 secs
Epoch: 400/3000, Training MSE Loss:0.142650862, Val. MSE Loss:0.267531145, Time_Elapsed:728.1945 secs
Consecutive iterations are:[407, 408, 409]
Exit and Convergence reached after 3 iterations for relative change in NLL below :0.001

Saving the best model at epoch=408, with training loss=0.14486518269087992, validation loss=0.27834801624218625
------------------------------ Training ends --------------------------------- 

------------------------------ Training begins --------------------------------- 

Config: {'model_type': 'gru', 'input_size': 1, 'output_size': 5, 'n_hidden': 60, 'n_layers': 2, 'lr': 0.001, 'num_epochs': 3000, 'n_hidden_dense': 32} 

No. of trainable parameters: 35417

Epoch: 1/3000, Training MSE Loss:43.198188043, Val. MSE Loss:1.730007585, Time_Elapsed:2.6570 secs
Epoch: 100/3000, Training MSE Loss:0.202675002, Val. MSE Loss:0.235346345, Time_Elapsed:270.7824 secs
Epoch: 200/3000, Training MSE Loss:0.123021487, Val. MSE Loss:0.242179369, Time_Elapsed:554.2198 secs
Epoch: 300/3000, Training MSE Loss:0.050965744, Val. MSE Loss:0.277653568, Time_Elapsed:834.4831 secs
Consecutive iterations are:[336, 337, 338]
Exit and Convergence reached after 3 iterations for relative change in NLL below :0.001

Saving the best model at epoch=337, with training loss=0.040997178832284445, validation loss=0.2744237254063288
------------------------------ Training ends --------------------------------- 

------------------------------ Training begins --------------------------------- 

Config: {'model_type': 'gru', 'input_size': 1, 'output_size': 5, 'n_hidden': 60, 'n_layers': 2, 'lr': 0.001, 'num_epochs': 3000, 'n_hidden_dense': 40} 

No. of trainable parameters: 35945

Epoch: 1/3000, Training MSE Loss:39.951147015, Val. MSE Loss:1.741107976, Time_Elapsed:2.6526 secs
Epoch: 100/3000, Training MSE Loss:0.181885809, Val. MSE Loss:0.244964239, Time_Elapsed:283.5466 secs
Epoch: 200/3000, Training MSE Loss:0.092521973, Val. MSE Loss:0.260959848, Time_Elapsed:568.1140 secs
Epoch: 300/3000, Training MSE Loss:0.047464762, Val. MSE Loss:0.284710745, Time_Elapsed:849.8742 secs
Consecutive iterations are:[303, 304, 305]
Exit and Convergence reached after 3 iterations for relative change in NLL below :0.001

Saving the best model at epoch=304, with training loss=0.04385958596759913, validation loss=0.2938816453019778
------------------------------ Training ends --------------------------------- 

------------------------------ Training begins --------------------------------- 

Config: {'model_type': 'gru', 'input_size': 1, 'output_size': 5, 'n_hidden': 70, 'n_layers': 1, 'lr': 0.001, 'num_epochs': 3000, 'n_hidden_dense': 32} 

No. of trainable parameters: 17767

Epoch: 1/3000, Training MSE Loss:37.698391618, Val. MSE Loss:1.740550641, Time_Elapsed:2.4641 secs
Epoch: 100/3000, Training MSE Loss:0.275276346, Val. MSE Loss:0.301325959, Time_Elapsed:266.3206 secs
Epoch: 200/3000, Training MSE Loss:0.208735951, Val. MSE Loss:0.238974331, Time_Elapsed:533.0580 secs
Epoch: 300/3000, Training MSE Loss:0.175529912, Val. MSE Loss:0.240379354, Time_Elapsed:799.4536 secs
Consecutive iterations are:[316, 317, 318]
Exit and Convergence reached after 3 iterations for relative change in NLL below :0.001

Saving the best model at epoch=317, with training loss=0.1676480753892133, validation loss=0.254021118581295
------------------------------ Training ends --------------------------------- 

------------------------------ Training begins --------------------------------- 

Config: {'model_type': 'gru', 'input_size': 1, 'output_size': 5, 'n_hidden': 70, 'n_layers': 1, 'lr': 0.001, 'num_epochs': 3000, 'n_hidden_dense': 40} 

No. of trainable parameters: 18375

Epoch: 1/3000, Training MSE Loss:42.817949467, Val. MSE Loss:1.732554102, Time_Elapsed:2.4430 secs
Epoch: 100/3000, Training MSE Loss:0.255634288, Val. MSE Loss:0.294098560, Time_Elapsed:266.1210 secs
Epoch: 200/3000, Training MSE Loss:0.166404815, Val. MSE Loss:0.251814640, Time_Elapsed:532.3592 secs
Epoch: 300/3000, Training MSE Loss:0.116467651, Val. MSE Loss:0.246593737, Time_Elapsed:799.2541 secs
Consecutive iterations are:[304, 305, 306]
Exit and Convergence reached after 3 iterations for relative change in NLL below :0.001

Saving the best model at epoch=305, with training loss=0.12074404757241813, validation loss=0.26007964263359706
------------------------------ Training ends --------------------------------- 

------------------------------ Training begins --------------------------------- 

Config: {'model_type': 'gru', 'input_size': 1, 'output_size': 5, 'n_hidden': 70, 'n_layers': 2, 'lr': 0.001, 'num_epochs': 3000, 'n_hidden_dense': 32} 

No. of trainable parameters: 47587

Epoch: 1/3000, Training MSE Loss:43.370934812, Val. MSE Loss:1.743640129, Time_Elapsed:2.9753 secs
Epoch: 100/3000, Training MSE Loss:0.189808257, Val. MSE Loss:0.245483480, Time_Elapsed:327.2110 secs
Epoch: 200/3000, Training MSE Loss:0.104091065, Val. MSE Loss:0.254130428, Time_Elapsed:640.1286 secs
Epoch: 300/3000, Training MSE Loss:0.057527394, Val. MSE Loss:0.273746958, Time_Elapsed:954.6303 secs
Consecutive iterations are:[309, 310, 311]
Exit and Convergence reached after 3 iterations for relative change in NLL below :0.001

Saving the best model at epoch=310, with training loss=0.05249799037871718, validation loss=0.27470875879128775
------------------------------ Training ends --------------------------------- 

------------------------------ Training begins --------------------------------- 

Config: {'model_type': 'gru', 'input_size': 1, 'output_size': 5, 'n_hidden': 70, 'n_layers': 2, 'lr': 0.001, 'num_epochs': 3000, 'n_hidden_dense': 40} 

No. of trainable parameters: 48195

Epoch: 1/3000, Training MSE Loss:38.378063715, Val. MSE Loss:1.732572377, Time_Elapsed:2.9902 secs
Epoch: 100/3000, Training MSE Loss:0.175385764, Val. MSE Loss:0.258257318, Time_Elapsed:324.6081 secs
Epoch: 200/3000, Training MSE Loss:0.076820239, Val. MSE Loss:0.255431060, Time_Elapsed:640.9193 secs
Epoch: 300/3000, Training MSE Loss:0.034417394, Val. MSE Loss:0.294168680, Time_Elapsed:966.5598 secs
Consecutive iterations are:[356, 357, 358]
Exit and Convergence reached after 3 iterations for relative change in NLL below :0.001

Saving the best model at epoch=357, with training loss=0.025191631434219226, validation loss=0.29804781476656594
------------------------------ Training ends --------------------------------- 

