------------------------------ Training begins --------------------------------- 

Config: {'model_type': 'lstm', 'input_size': 1, 'output_size': 7, 'n_hidden': 20, 'n_layers': 1, 'lr': 0.001, 'num_epochs': 3000} 

No. of trainable parameters: 2743

Epoch: 1/3000, Training MSE Loss:64.442158212, Val. MSE Loss:7.836254994, Time_Elapsed:2.8571 secs
Epoch: 200/3000, Training MSE Loss:0.723341491, Val. MSE Loss:0.744193753, Time_Elapsed:571.9436 secs
Epoch: 400/3000, Training MSE Loss:0.714010235, Val. MSE Loss:0.688050226, Time_Elapsed:1118.7393 secs
Epoch: 600/3000, Training MSE Loss:0.418757346, Val. MSE Loss:0.421819286, Time_Elapsed:1721.3917 secs
Epoch: 800/3000, Training MSE Loss:0.255432239, Val. MSE Loss:0.363102942, Time_Elapsed:2324.9086 secs
Epoch: 1000/3000, Training MSE Loss:0.951532919, Val. MSE Loss:0.875158473, Time_Elapsed:2889.4775 secs
Epoch: 1200/3000, Training MSE Loss:0.322228802, Val. MSE Loss:0.326505254, Time_Elapsed:3485.9903 secs
Epoch: 1400/3000, Training MSE Loss:0.191539444, Val. MSE Loss:0.211499079, Time_Elapsed:4073.7731 secs
Epoch: 1600/3000, Training MSE Loss:0.150333223, Val. MSE Loss:0.168354049, Time_Elapsed:4679.9854 secs
Epoch: 1800/3000, Training MSE Loss:0.256570583, Val. MSE Loss:0.261971136, Time_Elapsed:5266.3639 secs
Epoch: 2000/3000, Training MSE Loss:1.037450773, Val. MSE Loss:1.044887499, Time_Elapsed:5851.8207 secs
Epoch: 2200/3000, Training MSE Loss:0.219296163, Val. MSE Loss:0.238488939, Time_Elapsed:6399.7086 secs
Epoch: 2400/3000, Training MSE Loss:0.137285400, Val. MSE Loss:0.148521201, Time_Elapsed:6969.4330 secs
Epoch: 2600/3000, Training MSE Loss:1.487199813, Val. MSE Loss:1.525122988, Time_Elapsed:7536.2672 secs
Epoch: 2800/3000, Training MSE Loss:1.328817426, Val. MSE Loss:1.389292073, Time_Elapsed:8125.2928 secs
Epoch: 3000/3000, Training MSE Loss:1.198149612, Val. MSE Loss:1.223244659, Time_Elapsed:8506.1052 secs

Saving the best model at epoch=2551, with training loss=0.10698350351683948, validation loss=0.10944762229919433
------------------------------ Training ends --------------------------------- 

------------------------------ Training begins --------------------------------- 

Config: {'model_type': 'lstm', 'input_size': 1, 'output_size': 7, 'n_hidden': 20, 'n_layers': 2, 'lr': 0.001, 'num_epochs': 3000} 

No. of trainable parameters: 6103

Epoch: 1/3000, Training MSE Loss:59.370283996, Val. MSE Loss:9.421540006, Time_Elapsed:2.8285 secs
Epoch: 200/3000, Training MSE Loss:0.075265792, Val. MSE Loss:0.071110195, Time_Elapsed:565.5920 secs
Epoch: 400/3000, Training MSE Loss:0.046730072, Val. MSE Loss:0.037948528, Time_Elapsed:1106.9329 secs
Epoch: 600/3000, Training MSE Loss:0.028455339, Val. MSE Loss:0.036151264, Time_Elapsed:1672.6945 secs
Epoch: 800/3000, Training MSE Loss:0.059364973, Val. MSE Loss:0.060502924, Time_Elapsed:2239.0927 secs
Epoch: 1000/3000, Training MSE Loss:0.015303702, Val. MSE Loss:0.017992725, Time_Elapsed:2805.6825 secs
Epoch: 1200/3000, Training MSE Loss:0.027068357, Val. MSE Loss:0.036977349, Time_Elapsed:3372.4321 secs
Epoch: 1400/3000, Training MSE Loss:0.018444142, Val. MSE Loss:0.031158714, Time_Elapsed:3938.1492 secs
Epoch: 1600/3000, Training MSE Loss:0.022459232, Val. MSE Loss:0.038824314, Time_Elapsed:4465.2278 secs
Epoch: 1800/3000, Training MSE Loss:0.150823458, Val. MSE Loss:0.173170657, Time_Elapsed:4976.5624 secs
Epoch: 2000/3000, Training MSE Loss:0.018604885, Val. MSE Loss:0.023755097, Time_Elapsed:5472.8432 secs
Epoch: 2200/3000, Training MSE Loss:0.053501681, Val. MSE Loss:0.059581971, Time_Elapsed:6037.6982 secs
Epoch: 2400/3000, Training MSE Loss:0.011944398, Val. MSE Loss:0.026400118, Time_Elapsed:6553.0434 secs
Epoch: 2600/3000, Training MSE Loss:0.008534063, Val. MSE Loss:0.015421049, Time_Elapsed:7034.0005 secs
Epoch: 2800/3000, Training MSE Loss:0.009916233, Val. MSE Loss:0.014250443, Time_Elapsed:7538.9835 secs
Epoch: 3000/3000, Training MSE Loss:0.036046251, Val. MSE Loss:0.041905506, Time_Elapsed:8089.9541 secs

Saving the best model at epoch=2907, with training loss=0.006562434165377398, validation loss=0.011347362142987549
------------------------------ Training ends --------------------------------- 

------------------------------ Training begins --------------------------------- 

Config: {'model_type': 'lstm', 'input_size': 1, 'output_size': 7, 'n_hidden': 30, 'n_layers': 1, 'lr': 0.001, 'num_epochs': 3000} 

No. of trainable parameters: 5183

Epoch: 1/3000, Training MSE Loss:56.182187809, Val. MSE Loss:3.679491266, Time_Elapsed:1.8965 secs
Epoch: 200/3000, Training MSE Loss:0.298722077, Val. MSE Loss:0.317358735, Time_Elapsed:380.6499 secs
Epoch: 400/3000, Training MSE Loss:0.127786277, Val. MSE Loss:0.130853296, Time_Elapsed:740.8159 secs
Epoch: 600/3000, Training MSE Loss:0.089039558, Val. MSE Loss:0.097754853, Time_Elapsed:1093.5115 secs
Epoch: 800/3000, Training MSE Loss:0.060634404, Val. MSE Loss:0.073155276, Time_Elapsed:1462.3788 secs
Epoch: 1000/3000, Training MSE Loss:0.051738586, Val. MSE Loss:0.060447439, Time_Elapsed:1842.6397 secs
Epoch: 1200/3000, Training MSE Loss:0.080318968, Val. MSE Loss:0.082318253, Time_Elapsed:2211.4909 secs
Epoch: 1400/3000, Training MSE Loss:0.067216161, Val. MSE Loss:0.056696149, Time_Elapsed:2591.7961 secs
Epoch: 1600/3000, Training MSE Loss:0.055061252, Val. MSE Loss:0.086053673, Time_Elapsed:2972.4334 secs
Epoch: 1800/3000, Training MSE Loss:0.024067979, Val. MSE Loss:0.034343314, Time_Elapsed:3352.8989 secs
Epoch: 2000/3000, Training MSE Loss:0.032940010, Val. MSE Loss:0.033772564, Time_Elapsed:3733.6076 secs
Epoch: 2200/3000, Training MSE Loss:0.017987540, Val. MSE Loss:0.029084824, Time_Elapsed:4113.5685 secs
Epoch: 2400/3000, Training MSE Loss:0.022004274, Val. MSE Loss:0.029369447, Time_Elapsed:4493.0114 secs
Epoch: 2600/3000, Training MSE Loss:0.017174446, Val. MSE Loss:0.026853567, Time_Elapsed:4870.1433 secs
Epoch: 2800/3000, Training MSE Loss:0.021158410, Val. MSE Loss:0.028339336, Time_Elapsed:5250.9044 secs
Epoch: 3000/3000, Training MSE Loss:0.071492062, Val. MSE Loss:0.055963616, Time_Elapsed:5613.4010 secs

Saving the best model at epoch=2782, with training loss=0.01667530782723508, validation loss=0.02196288906658689
------------------------------ Training ends --------------------------------- 

------------------------------ Training begins --------------------------------- 

Config: {'model_type': 'lstm', 'input_size': 1, 'output_size': 7, 'n_hidden': 30, 'n_layers': 2, 'lr': 0.001, 'num_epochs': 3000} 

No. of trainable parameters: 12623

Epoch: 1/3000, Training MSE Loss:60.874776620, Val. MSE Loss:13.495297432, Time_Elapsed:2.8447 secs
Epoch: 200/3000, Training MSE Loss:0.046731981, Val. MSE Loss:0.066278893, Time_Elapsed:566.4436 secs
Epoch: 400/3000, Training MSE Loss:0.012548034, Val. MSE Loss:0.021396539, Time_Elapsed:1132.3216 secs
Epoch: 600/3000, Training MSE Loss:0.006024298, Val. MSE Loss:0.015158137, Time_Elapsed:1698.7315 secs
Epoch: 800/3000, Training MSE Loss:0.018381698, Val. MSE Loss:0.018065581, Time_Elapsed:2264.7940 secs
Epoch: 1000/3000, Training MSE Loss:0.001784238, Val. MSE Loss:0.015210131, Time_Elapsed:2831.7103 secs
Epoch: 1200/3000, Training MSE Loss:0.000821145, Val. MSE Loss:0.011440543, Time_Elapsed:3393.4830 secs
Epoch: 1400/3000, Training MSE Loss:0.002533350, Val. MSE Loss:0.012430989, Time_Elapsed:3960.0600 secs
Epoch: 1600/3000, Training MSE Loss:0.001351120, Val. MSE Loss:0.016714249, Time_Elapsed:4526.5654 secs
Epoch: 1800/3000, Training MSE Loss:0.000534248, Val. MSE Loss:0.010285293, Time_Elapsed:5087.6496 secs
Epoch: 2000/3000, Training MSE Loss:0.002425168, Val. MSE Loss:0.011248278, Time_Elapsed:5647.2818 secs
Epoch: 2200/3000, Training MSE Loss:0.002854372, Val. MSE Loss:0.014609940, Time_Elapsed:6138.8980 secs
Epoch: 2400/3000, Training MSE Loss:0.003266341, Val. MSE Loss:0.012558819, Time_Elapsed:6704.9135 secs
Epoch: 2600/3000, Training MSE Loss:0.000424062, Val. MSE Loss:0.010103681, Time_Elapsed:7246.8362 secs
Epoch: 2800/3000, Training MSE Loss:0.001504931, Val. MSE Loss:0.011485994, Time_Elapsed:7777.2777 secs
Epoch: 3000/3000, Training MSE Loss:0.000207452, Val. MSE Loss:0.009057675, Time_Elapsed:8344.0882 secs

Saving the best model at epoch=2582, with training loss=0.00035801612558025475, validation loss=0.007826364784462688
------------------------------ Training ends --------------------------------- 

------------------------------ Training begins --------------------------------- 

Config: {'model_type': 'lstm', 'input_size': 1, 'output_size': 7, 'n_hidden': 40, 'n_layers': 1, 'lr': 0.001, 'num_epochs': 3000} 

No. of trainable parameters: 8423

Epoch: 1/3000, Training MSE Loss:50.070922888, Val. MSE Loss:2.050477727, Time_Elapsed:1.8970 secs
Epoch: 200/3000, Training MSE Loss:0.903761934, Val. MSE Loss:0.677068239, Time_Elapsed:380.6028 secs
Epoch: 400/3000, Training MSE Loss:0.045244048, Val. MSE Loss:0.045145459, Time_Elapsed:747.4354 secs
Epoch: 600/3000, Training MSE Loss:0.019447623, Val. MSE Loss:0.028772127, Time_Elapsed:1098.6276 secs
Epoch: 800/3000, Training MSE Loss:0.020762465, Val. MSE Loss:0.032801374, Time_Elapsed:1474.3109 secs
Epoch: 1000/3000, Training MSE Loss:1.155781616, Val. MSE Loss:1.101029172, Time_Elapsed:1855.0724 secs
Epoch: 1200/3000, Training MSE Loss:0.404117460, Val. MSE Loss:0.306741718, Time_Elapsed:2206.1047 secs
Epoch: 1400/3000, Training MSE Loss:0.082592708, Val. MSE Loss:0.102651452, Time_Elapsed:2578.7341 secs
Epoch: 1600/3000, Training MSE Loss:0.040797765, Val. MSE Loss:0.053005110, Time_Elapsed:2940.9235 secs
Epoch: 1800/3000, Training MSE Loss:0.030297499, Val. MSE Loss:0.040435255, Time_Elapsed:3277.8148 secs
Epoch: 2000/3000, Training MSE Loss:0.054500260, Val. MSE Loss:0.051965942, Time_Elapsed:3650.3565 secs
Epoch: 2200/3000, Training MSE Loss:0.028354688, Val. MSE Loss:0.033418334, Time_Elapsed:4000.0208 secs
Epoch: 2400/3000, Training MSE Loss:0.040454548, Val. MSE Loss:0.051258460, Time_Elapsed:4381.6735 secs
Epoch: 2600/3000, Training MSE Loss:0.018297107, Val. MSE Loss:0.023017857, Time_Elapsed:4750.3844 secs
Epoch: 2800/3000, Training MSE Loss:0.011512856, Val. MSE Loss:0.023167460, Time_Elapsed:5123.4388 secs
Epoch: 3000/3000, Training MSE Loss:0.083549901, Val. MSE Loss:0.088689536, Time_Elapsed:5501.6240 secs

Saving the best model at epoch=2705, with training loss=0.011296273437233604, validation loss=0.020689115145554146
------------------------------ Training ends --------------------------------- 

------------------------------ Training begins --------------------------------- 

Config: {'model_type': 'lstm', 'input_size': 1, 'output_size': 7, 'n_hidden': 40, 'n_layers': 2, 'lr': 0.001, 'num_epochs': 3000} 

No. of trainable parameters: 21543

Epoch: 1/3000, Training MSE Loss:45.592216925, Val. MSE Loss:2.401684483, Time_Elapsed:2.8182 secs
Epoch: 200/3000, Training MSE Loss:0.051394707, Val. MSE Loss:0.048246674, Time_Elapsed:564.6845 secs
Epoch: 400/3000, Training MSE Loss:0.130953889, Val. MSE Loss:0.077915242, Time_Elapsed:1119.0091 secs
Epoch: 600/3000, Training MSE Loss:0.010003458, Val. MSE Loss:0.021629097, Time_Elapsed:1620.1944 secs
Epoch: 800/3000, Training MSE Loss:0.001885391, Val. MSE Loss:0.009476456, Time_Elapsed:2202.9415 secs
Epoch: 1000/3000, Training MSE Loss:0.011008919, Val. MSE Loss:0.015096037, Time_Elapsed:2836.0829 secs
Epoch: 1200/3000, Training MSE Loss:0.000723275, Val. MSE Loss:0.009157871, Time_Elapsed:3469.0371 secs
Epoch: 1400/3000, Training MSE Loss:0.000687503, Val. MSE Loss:0.007842268, Time_Elapsed:4101.3578 secs
Epoch: 1600/3000, Training MSE Loss:0.000445402, Val. MSE Loss:0.010520985, Time_Elapsed:4733.4631 secs
Epoch: 1800/3000, Training MSE Loss:0.000323326, Val. MSE Loss:0.008471426, Time_Elapsed:5364.4291 secs
Epoch: 2000/3000, Training MSE Loss:0.000950961, Val. MSE Loss:0.007826883, Time_Elapsed:5996.6172 secs
Epoch: 2200/3000, Training MSE Loss:0.009655601, Val. MSE Loss:0.017059746, Time_Elapsed:6627.6981 secs
Epoch: 2400/3000, Training MSE Loss:0.000495951, Val. MSE Loss:0.009428035, Time_Elapsed:7260.1547 secs
Epoch: 2600/3000, Training MSE Loss:0.000685919, Val. MSE Loss:0.012256214, Time_Elapsed:7892.3022 secs
Epoch: 2800/3000, Training MSE Loss:0.000367035, Val. MSE Loss:0.009182658, Time_Elapsed:8525.3174 secs
Epoch: 3000/3000, Training MSE Loss:0.001099273, Val. MSE Loss:0.011056284, Time_Elapsed:9156.7111 secs

Saving the best model at epoch=2500, with training loss=0.0002804922905048121, validation loss=0.006720964887063019
------------------------------ Training ends --------------------------------- 

------------------------------ Training begins --------------------------------- 

Config: {'model_type': 'lstm', 'input_size': 1, 'output_size': 7, 'n_hidden': 50, 'n_layers': 1, 'lr': 0.001, 'num_epochs': 3000} 

No. of trainable parameters: 12463

Epoch: 1/3000, Training MSE Loss:47.684576093, Val. MSE Loss:2.093682369, Time_Elapsed:2.0769 secs
Epoch: 200/3000, Training MSE Loss:0.330213782, Val. MSE Loss:0.337798729, Time_Elapsed:404.9962 secs
Epoch: 400/3000, Training MSE Loss:0.189858650, Val. MSE Loss:0.188535435, Time_Elapsed:810.9734 secs
Epoch: 600/3000, Training MSE Loss:0.059273638, Val. MSE Loss:0.080642683, Time_Elapsed:1216.1243 secs
Epoch: 800/3000, Training MSE Loss:0.037872489, Val. MSE Loss:0.049019365, Time_Elapsed:1621.4363 secs
Epoch: 1000/3000, Training MSE Loss:0.076773071, Val. MSE Loss:0.074493793, Time_Elapsed:2026.7676 secs
Epoch: 1200/3000, Training MSE Loss:0.039777736, Val. MSE Loss:0.051524464, Time_Elapsed:2432.4501 secs
Epoch: 1400/3000, Training MSE Loss:0.020758738, Val. MSE Loss:0.033472595, Time_Elapsed:2838.3196 secs
Epoch: 1600/3000, Training MSE Loss:0.043477830, Val. MSE Loss:0.044439416, Time_Elapsed:3242.9626 secs
Epoch: 1800/3000, Training MSE Loss:0.020887058, Val. MSE Loss:0.031609572, Time_Elapsed:3648.9310 secs
Epoch: 2000/3000, Training MSE Loss:0.013057865, Val. MSE Loss:0.026399787, Time_Elapsed:4054.0781 secs
Epoch: 2200/3000, Training MSE Loss:0.994203847, Val. MSE Loss:0.978563104, Time_Elapsed:4458.9801 secs
Epoch: 2400/3000, Training MSE Loss:0.076034915, Val. MSE Loss:0.086657847, Time_Elapsed:4864.3477 secs
Epoch: 2600/3000, Training MSE Loss:1.084681410, Val. MSE Loss:1.064451357, Time_Elapsed:5271.1611 secs
Epoch: 2800/3000, Training MSE Loss:0.091797349, Val. MSE Loss:0.109141828, Time_Elapsed:5676.0133 secs
Epoch: 3000/3000, Training MSE Loss:0.115965764, Val. MSE Loss:0.141169803, Time_Elapsed:6081.8054 secs

Saving the best model at epoch=2083, with training loss=0.011531868578904137, validation loss=0.021092768137653668
------------------------------ Training ends --------------------------------- 

------------------------------ Training begins --------------------------------- 

Config: {'model_type': 'lstm', 'input_size': 1, 'output_size': 7, 'n_hidden': 50, 'n_layers': 2, 'lr': 0.001, 'num_epochs': 3000} 

No. of trainable parameters: 32863

Epoch: 1/3000, Training MSE Loss:42.027196850, Val. MSE Loss:2.068561149, Time_Elapsed:3.0909 secs
Epoch: 200/3000, Training MSE Loss:0.021363755, Val. MSE Loss:0.022571655, Time_Elapsed:630.6310 secs
Epoch: 400/3000, Training MSE Loss:0.005573924, Val. MSE Loss:0.013540558, Time_Elapsed:1261.5968 secs
Epoch: 600/3000, Training MSE Loss:0.001805215, Val. MSE Loss:0.014200702, Time_Elapsed:1892.4498 secs
Epoch: 800/3000, Training MSE Loss:0.104934091, Val. MSE Loss:0.122377210, Time_Elapsed:2522.7039 secs
Epoch: 1000/3000, Training MSE Loss:0.049489334, Val. MSE Loss:0.037190770, Time_Elapsed:3153.7416 secs
Epoch: 1200/3000, Training MSE Loss:0.002470762, Val. MSE Loss:0.011596541, Time_Elapsed:3783.7906 secs
Epoch: 1400/3000, Training MSE Loss:0.010805978, Val. MSE Loss:0.051474330, Time_Elapsed:4415.0704 secs
Epoch: 1600/3000, Training MSE Loss:0.189241514, Val. MSE Loss:0.202713461, Time_Elapsed:5046.5608 secs
Epoch: 1800/3000, Training MSE Loss:0.015326061, Val. MSE Loss:0.017314765, Time_Elapsed:5677.9022 secs
Epoch: 2000/3000, Training MSE Loss:0.014137566, Val. MSE Loss:0.015971301, Time_Elapsed:6308.3278 secs
Epoch: 2200/3000, Training MSE Loss:0.000540780, Val. MSE Loss:0.010764587, Time_Elapsed:6939.4847 secs
Epoch: 2400/3000, Training MSE Loss:0.000489879, Val. MSE Loss:0.013671390, Time_Elapsed:7571.0616 secs
Epoch: 2600/3000, Training MSE Loss:0.000241507, Val. MSE Loss:0.009528921, Time_Elapsed:8203.2591 secs
Epoch: 2800/3000, Training MSE Loss:0.000394106, Val. MSE Loss:0.009634347, Time_Elapsed:8834.2362 secs
Epoch: 3000/3000, Training MSE Loss:0.000291582, Val. MSE Loss:0.010871472, Time_Elapsed:9466.0272 secs

Saving the best model at epoch=1513, with training loss=0.000908100834594672, validation loss=0.007205930532654748
------------------------------ Training ends --------------------------------- 

------------------------------ Training begins --------------------------------- 

Config: {'model_type': 'lstm', 'input_size': 1, 'output_size': 7, 'n_hidden': 60, 'n_layers': 1, 'lr': 0.001, 'num_epochs': 3000} 

No. of trainable parameters: 17303

Epoch: 1/3000, Training MSE Loss:36.437341472, Val. MSE Loss:2.054210746, Time_Elapsed:2.0169 secs
Epoch: 200/3000, Training MSE Loss:0.128125029, Val. MSE Loss:0.121519598, Time_Elapsed:405.7855 secs
Epoch: 400/3000, Training MSE Loss:0.051439165, Val. MSE Loss:0.052097056, Time_Elapsed:811.0511 secs
Epoch: 600/3000, Training MSE Loss:0.129853591, Val. MSE Loss:0.140228829, Time_Elapsed:1216.1691 secs
Epoch: 800/3000, Training MSE Loss:0.291472394, Val. MSE Loss:0.268707407, Time_Elapsed:1622.3884 secs
Epoch: 1000/3000, Training MSE Loss:0.025505773, Val. MSE Loss:0.040174666, Time_Elapsed:2028.0065 secs
Epoch: 1200/3000, Training MSE Loss:0.010974123, Val. MSE Loss:0.027224939, Time_Elapsed:2434.4449 secs
Epoch: 1400/3000, Training MSE Loss:0.023209466, Val. MSE Loss:0.107817764, Time_Elapsed:2839.8385 secs
Epoch: 1600/3000, Training MSE Loss:0.006147596, Val. MSE Loss:0.022892192, Time_Elapsed:3245.4736 secs
Epoch: 1800/3000, Training MSE Loss:0.003610960, Val. MSE Loss:0.019682678, Time_Elapsed:3651.7197 secs
Epoch: 2000/3000, Training MSE Loss:0.005208392, Val. MSE Loss:0.030430573, Time_Elapsed:4057.3392 secs
Epoch: 2200/3000, Training MSE Loss:0.002380316, Val. MSE Loss:0.019329538, Time_Elapsed:4464.1326 secs
Epoch: 2400/3000, Training MSE Loss:0.003933349, Val. MSE Loss:0.019175940, Time_Elapsed:4869.9294 secs
Epoch: 2600/3000, Training MSE Loss:0.007461384, Val. MSE Loss:0.023172291, Time_Elapsed:5275.6544 secs
Epoch: 2800/3000, Training MSE Loss:0.013286079, Val. MSE Loss:0.028966060, Time_Elapsed:5680.2690 secs
Epoch: 3000/3000, Training MSE Loss:0.003492663, Val. MSE Loss:0.016805522, Time_Elapsed:6085.7462 secs

Saving the best model at epoch=2933, with training loss=0.005566007825926098, validation loss=0.013859443110413849
------------------------------ Training ends --------------------------------- 

------------------------------ Training begins --------------------------------- 

Config: {'model_type': 'lstm', 'input_size': 1, 'output_size': 7, 'n_hidden': 60, 'n_layers': 2, 'lr': 0.001, 'num_epochs': 3000} 

No. of trainable parameters: 46583

Epoch: 1/3000, Training MSE Loss:46.705190952, Val. MSE Loss:2.692487454, Time_Elapsed:3.1601 secs
Epoch: 200/3000, Training MSE Loss:0.041300937, Val. MSE Loss:0.039309443, Time_Elapsed:631.2522 secs
Epoch: 400/3000, Training MSE Loss:0.019621834, Val. MSE Loss:0.016334512, Time_Elapsed:1264.2633 secs
Epoch: 600/3000, Training MSE Loss:0.018411927, Val. MSE Loss:0.030464560, Time_Elapsed:1897.5617 secs
Epoch: 800/3000, Training MSE Loss:0.007964626, Val. MSE Loss:0.049264998, Time_Elapsed:2530.9915 secs
Epoch: 1000/3000, Training MSE Loss:0.000608953, Val. MSE Loss:0.008546127, Time_Elapsed:3163.1020 secs
Epoch: 1200/3000, Training MSE Loss:0.016577584, Val. MSE Loss:0.025013855, Time_Elapsed:3795.7856 secs
Epoch: 1400/3000, Training MSE Loss:0.000724767, Val. MSE Loss:0.012057406, Time_Elapsed:4427.5344 secs
Epoch: 1600/3000, Training MSE Loss:0.015891573, Val. MSE Loss:0.018419563, Time_Elapsed:5058.5781 secs
Epoch: 1800/3000, Training MSE Loss:0.003751803, Val. MSE Loss:0.016442044, Time_Elapsed:5690.4771 secs
Epoch: 2000/3000, Training MSE Loss:0.007373090, Val. MSE Loss:0.019253871, Time_Elapsed:6324.4144 secs
Epoch: 2200/3000, Training MSE Loss:0.000112147, Val. MSE Loss:0.010374001, Time_Elapsed:6956.8449 secs
Epoch: 2400/3000, Training MSE Loss:0.000066379, Val. MSE Loss:0.007804360, Time_Elapsed:7589.2273 secs
Epoch: 2600/3000, Training MSE Loss:0.000078121, Val. MSE Loss:0.008713470, Time_Elapsed:8220.2321 secs
Epoch: 2800/3000, Training MSE Loss:0.001919268, Val. MSE Loss:0.011015908, Time_Elapsed:8854.0394 secs
Epoch: 3000/3000, Training MSE Loss:0.000091537, Val. MSE Loss:0.008257041, Time_Elapsed:9486.6125 secs

Saving the best model at epoch=1038, with training loss=0.0003467138528389869, validation loss=0.005707211059537561
------------------------------ Training ends --------------------------------- 

